Using pre-set license
Built from '2021.3/staging' branch; Version is '2021.3.0f1 (6eacc8284459) revision 7253192'; Using compiler version '192829333'; Build Type 'Release'
OS: 'Windows 10  (10.0.19044) 64bit Professional' Language: 'en' Physical Memory: 32605 MB
BatchMode: 1, IsHumanControllingUs: 0, StartBugReporterOnCrash: 0, Is64bit: 1, IsPro: 1

COMMAND LINE ARGUMENTS:
C:\Program Files\Unity\Hub\Editor\2021.3.0f1\Editor\Unity.exe
-adb2
-batchMode
-noUpm
-name
AssetImportWorker3
-projectPath
C:/Users/dgsi/Documents/GitHub/secret/wakamole
-logFile
Logs/AssetImportWorker3.log
-srvPort
62528
Successfully changed project path to: C:/Users/dgsi/Documents/GitHub/secret/wakamole
C:/Users/dgsi/Documents/GitHub/secret/wakamole
[UnityMemory] Configuration Parameters - Can be set up in boot.config
    "memorysetup-bucket-allocator-granularity=16"
    "memorysetup-bucket-allocator-bucket-count=8"
    "memorysetup-bucket-allocator-block-size=33554432"
    "memorysetup-bucket-allocator-block-count=8"
    "memorysetup-main-allocator-block-size=16777216"
    "memorysetup-thread-allocator-block-size=16777216"
    "memorysetup-gfx-main-allocator-block-size=16777216"
    "memorysetup-gfx-thread-allocator-block-size=16777216"
    "memorysetup-cache-allocator-block-size=4194304"
    "memorysetup-typetree-allocator-block-size=2097152"
    "memorysetup-profiler-bucket-allocator-granularity=16"
    "memorysetup-profiler-bucket-allocator-bucket-count=8"
    "memorysetup-profiler-bucket-allocator-block-size=33554432"
    "memorysetup-profiler-bucket-allocator-block-count=8"
    "memorysetup-profiler-allocator-block-size=16777216"
    "memorysetup-profiler-editor-allocator-block-size=1048576"
    "memorysetup-temp-allocator-size-main=16777216"
    "memorysetup-job-temp-allocator-block-size=2097152"
    "memorysetup-job-temp-allocator-block-size-background=1048576"
    "memorysetup-job-temp-allocator-reduction-small-platforms=262144"
    "memorysetup-temp-allocator-size-background-worker=32768"
    "memorysetup-temp-allocator-size-job-worker=262144"
    "memorysetup-temp-allocator-size-preload-manager=33554432"
    "memorysetup-temp-allocator-size-nav-mesh-worker=65536"
    "memorysetup-temp-allocator-size-audio-worker=65536"
    "memorysetup-temp-allocator-size-cloud-worker=32768"
    "memorysetup-temp-allocator-size-gi-baking-worker=262144"
    "memorysetup-temp-allocator-size-gfx=262144"
Refreshing native plugins compatible for Editor in 128.26 ms, found 3 plugins.
Preloading 0 native plugins for Editor in 0.00 ms.
Initialize engine version: 2021.3.0f1 (6eacc8284459)
[Subsystems] Discovering subsystems at path C:/Program Files/Unity/Hub/Editor/2021.3.0f1/Editor/Data/Resources/UnitySubsystems
[Subsystems] Discovering subsystems at path C:/Users/dgsi/Documents/GitHub/secret/wakamole/Assets
GfxDevice: creating device client; threaded=0; jobified=0
Direct3D:
    Version:  Direct3D 11.0 [level 11.1]
    Renderer: NVIDIA GeForce RTX 2060 (ID=0x1f08)
    Vendor:   NVIDIA
    VRAM:     5980 MB
    Driver:   27.21.14.5671
Initialize mono
Mono path[0] = 'C:/Program Files/Unity/Hub/Editor/2021.3.0f1/Editor/Data/Managed'
Mono path[1] = 'C:/Program Files/Unity/Hub/Editor/2021.3.0f1/Editor/Data/MonoBleedingEdge/lib/mono/unityjit-win32'
Mono config path = 'C:/Program Files/Unity/Hub/Editor/2021.3.0f1/Editor/Data/MonoBleedingEdge/etc'
Using monoOptions --debugger-agent=transport=dt_socket,embedding=1,server=y,suspend=n,address=127.0.0.1:56108
Begin MonoManager ReloadAssembly
Registering precompiled unity dll's ...
Register platform support module: C:/Program Files/Unity/Hub/Editor/2021.3.0f1/Editor/Data/PlaybackEngines/WebGLSupport/UnityEditor.WebGL.Extensions.dll
Register platform support module: C:/Program Files/Unity/Hub/Editor/2021.3.0f1/Editor/Data/PlaybackEngines/AndroidPlayer/UnityEditor.Android.Extensions.dll
Register platform support module: C:/Program Files/Unity/Hub/Editor/2021.3.0f1/Editor/Data/PlaybackEngines/WindowsStandaloneSupport/UnityEditor.WindowsStandalone.Extensions.dll
Registered in 0.007715 seconds.
Native extension for WindowsStandalone target not found
Native extension for Android target not found
Native extension for WebGL target not found
Refreshing native plugins compatible for Editor in 136.56 ms, found 3 plugins.
Preloading 0 native plugins for Editor in 0.00 ms.
Mono: successfully reloaded assembly
- Completed reload, in  0.779 seconds
Domain Reload Profiling:
	ReloadAssembly (779ms)
		BeginReloadAssembly (79ms)
			ExecutionOrderSort (0ms)
			DisableScriptedObjects (0ms)
			BackupInstance (0ms)
			ReleaseScriptingObjects (0ms)
			CreateAndSetChildDomain (1ms)
		EndReloadAssembly (583ms)
			LoadAssemblies (77ms)
			RebuildTransferFunctionScriptingTraits (0ms)
			SetupTypeCache (128ms)
			ReleaseScriptCaches (0ms)
			RebuildScriptCaches (39ms)
			SetupLoadedEditorAssemblies (362ms)
				LogAssemblyErrors (0ms)
				InitializePlatformSupportModulesInManaged (67ms)
				SetLoadedEditorAssemblies (0ms)
				RefreshPlugins (137ms)
				BeforeProcessingInitializeOnLoad (2ms)
				ProcessInitializeOnLoadAttributes (107ms)
				ProcessInitializeOnLoadMethodAttributes (49ms)
				AfterProcessingInitializeOnLoad (0ms)
				EditorAssembliesLoaded (0ms)
			ExecutionOrderSort2 (0ms)
			AwakeInstancesAfterBackupRestoration (0ms)
Platform modules already initialized, skipping
Registering precompiled user dll's ...
Registered in 0.009854 seconds.
Begin MonoManager ReloadAssembly
Native extension for WindowsStandalone target not found
Native extension for Android target not found
Native extension for WebGL target not found
Refreshing native plugins compatible for Editor in 108.30 ms, found 3 plugins.
Preloading 0 native plugins for Editor in 0.00 ms.
Mono: successfully reloaded assembly
- Completed reload, in  1.449 seconds
Domain Reload Profiling:
	ReloadAssembly (1450ms)
		BeginReloadAssembly (249ms)
			ExecutionOrderSort (0ms)
			DisableScriptedObjects (8ms)
			BackupInstance (0ms)
			ReleaseScriptingObjects (0ms)
			CreateAndSetChildDomain (138ms)
		EndReloadAssembly (1073ms)
			LoadAssemblies (99ms)
			RebuildTransferFunctionScriptingTraits (0ms)
			SetupTypeCache (303ms)
			ReleaseScriptCaches (2ms)
			RebuildScriptCaches (70ms)
			SetupLoadedEditorAssemblies (555ms)
				LogAssemblyErrors (0ms)
				InitializePlatformSupportModulesInManaged (18ms)
				SetLoadedEditorAssemblies (0ms)
				RefreshPlugins (108ms)
				BeforeProcessingInitializeOnLoad (99ms)
				ProcessInitializeOnLoadAttributes (234ms)
				ProcessInitializeOnLoadMethodAttributes (90ms)
				AfterProcessingInitializeOnLoad (6ms)
				EditorAssembliesLoaded (0ms)
			ExecutionOrderSort2 (0ms)
			AwakeInstancesAfterBackupRestoration (9ms)
Platform modules already initialized, skipping
========================================================================
Worker process is ready to serve import requests
Launched and connected shader compiler UnityShaderCompiler.exe after 0.04 seconds
Refreshing native plugins compatible for Editor in 1.35 ms, found 3 plugins.
Preloading 0 native plugins for Editor in 0.00 ms.
Unloading 4925 Unused Serialized files (Serialized files now loaded: 0)
Unloading 30 unused Assets / (431.4 KB). Loaded Objects now: 5382.
Memory consumption went from 195.1 MB to 194.6 MB.
Total: 4.075200 ms (FindLiveObjects: 0.549800 ms CreateObjectMapping: 0.393500 ms MarkObjects: 2.841000 ms  DeleteObjects: 0.289600 ms)

AssetImportParameters requested are different than current active one (requested -> active):
  custom:video-decoder-ogg-theora: a1e56fd34408186e4bbccfd4996cb3dc -> 
  custom:container-muxer-webm: aa71ff27fc2769a1b78a27578f13a17b -> 
  custom:container-demuxer-webm: 4f35f7cbe854078d1ac9338744f61a02 -> 
  custom:video-encoder-webm-vp8: eb34c28f22e8b96e1ab97ce403110664 -> 
  custom:video-codec-MediaFoundation-h265: 746d11721c4dcdbdad8f713fa42b33f4 -> 
  custom:audio-encoder-webm-vorbis: bf7c407c2cedff20999df2af8eb42d56 -> 
  custom:framework-win-MediaFoundation: 216162199b28c13a410421893ffa2e32 -> 
  custom:container-demuxer-ogg: 62fdf1f143b41e24485cea50d1cbac27 -> 
  custom:video-decoder-webm-vp8: 9c59270c3fd7afecdb556c50c9e8de78 -> 
  custom:audio-decoder-ogg-vorbis: bf7c407c2cedff20999df2af8eb42d56 -> 
========================================================================
Received Import Request.
  Time since last request: 23817.445561 seconds.
  path: Assets/TextMesh Pro/Fonts/Winkle-Regular.otf
  artifactKey: Guid(c015cbcf54d38d04da76b8bc6aef9bbd) Importer(815301076,1909f56bfc062723c751e8b465ee728b)
Start importing Assets/TextMesh Pro/Fonts/Winkle-Regular.otf using Guid(c015cbcf54d38d04da76b8bc6aef9bbd) Importer(815301076,1909f56bfc062723c751e8b465ee728b)  -> (artifact id: 'b87b8c38fdb58c2700c7e182e77e2041') in 0.280974 seconds 
========================================================================
Received Import Request.
  Time since last request: 0.000025 seconds.
  path: Assets/GAMEUIASSETS/PinoyPinayWhizShow/ca1.png
  artifactKey: Guid(1249b8db0c17ebe45a9c5ee77b4e6e49) Importer(815301076,1909f56bfc062723c751e8b465ee728b)
Start importing Assets/GAMEUIASSETS/PinoyPinayWhizShow/ca1.png using Guid(1249b8db0c17ebe45a9c5ee77b4e6e49) Importer(815301076,1909f56bfc062723c751e8b465ee728b)  -> (artifact id: 'ad523d6345d28a852523e2b8998c7ae7') in 0.202922 seconds 
========================================================================
Received Import Request.
  Time since last request: 0.000030 seconds.
  path: Assets/UI Assets/female.png
  artifactKey: Guid(0d7789b8c62cfe54e93c868beb5b3604) Importer(815301076,1909f56bfc062723c751e8b465ee728b)
Start importing Assets/UI Assets/female.png using Guid(0d7789b8c62cfe54e93c868beb5b3604) Importer(815301076,1909f56bfc062723c751e8b465ee728b)  -> (artifact id: 'ad5b5e83de6a1b8f61ed12c6545fae10') in 0.017812 seconds 
========================================================================
Received Import Request.
  Time since last request: 0.000030 seconds.
  path: Assets/UI Assets/inventory.png
  artifactKey: Guid(9eb3209a3bd160740aa78aae829b783d) Importer(815301076,1909f56bfc062723c751e8b465ee728b)
Start importing Assets/UI Assets/inventory.png using Guid(9eb3209a3bd160740aa78aae829b783d) Importer(815301076,1909f56bfc062723c751e8b465ee728b)  -> (artifact id: 'b5e3f85f59a00f18d4454e04e523f806') in 0.035736 seconds 
========================================================================
Received Import Request.
  Time since last request: 0.000027 seconds.
  path: Assets/GAMEUIASSETS/WordCompletion/EightyOne.png
  artifactKey: Guid(fc9aa76523cea71498de248344d71b51) Importer(815301076,1909f56bfc062723c751e8b465ee728b)
Start importing Assets/GAMEUIASSETS/WordCompletion/EightyOne.png using Guid(fc9aa76523cea71498de248344d71b51) Importer(815301076,1909f56bfc062723c751e8b465ee728b)  -> (artifact id: '9e852c90cb597ca9893a2394e3045bc5') in 0.019921 seconds 
========================================================================
Received Import Request.
  Time since last request: 0.000044 seconds.
  path: Assets/UI Assets/levelbrain.png
  artifactKey: Guid(39450c1940e53db4aab3123a390f9469) Importer(815301076,1909f56bfc062723c751e8b465ee728b)
Start importing Assets/UI Assets/levelbrain.png using Guid(39450c1940e53db4aab3123a390f9469) Importer(815301076,1909f56bfc062723c751e8b465ee728b)  -> (artifact id: '58ac45b474f479eacb1829a6695ca40b') in 0.019293 seconds 
========================================================================
Received Import Request.
  Time since last request: 0.000043 seconds.
  path: Assets/UI Assets/LEFT.png
  artifactKey: Guid(9d1da2d0bb2964445a485f71806b4df4) Importer(815301076,1909f56bfc062723c751e8b465ee728b)
Start importing Assets/UI Assets/LEFT.png using Guid(9d1da2d0bb2964445a485f71806b4df4) Importer(815301076,1909f56bfc062723c751e8b465ee728b)  -> (artifact id: '9d74d37630cbaa222a773a8e304b0239') in 0.019572 seconds 
========================================================================
Received Import Request.
  Time since last request: 0.000051 seconds.
  path: Assets/UI Assets/New UI/image100782-8.png
  artifactKey: Guid(0ba12c3b9aa766a4b893e78bceeab566) Importer(815301076,1909f56bfc062723c751e8b465ee728b)
Start importing Assets/UI Assets/New UI/image100782-8.png using Guid(0ba12c3b9aa766a4b893e78bceeab566) Importer(815301076,1909f56bfc062723c751e8b465ee728b)  -> (artifact id: '0f7fe22410a0c8905fec368f080ecb3e') in 0.092063 seconds 
========================================================================
Received Import Request.
  Time since last request: 0.000035 seconds.
  path: Assets/UI Assets/heart.png
  artifactKey: Guid(e9dbb339d023a20469d2a585021acb85) Importer(815301076,1909f56bfc062723c751e8b465ee728b)
Start importing Assets/UI Assets/heart.png using Guid(e9dbb339d023a20469d2a585021acb85) Importer(815301076,1909f56bfc062723c751e8b465ee728b)  -> (artifact id: 'f8d3d5891472d2b9c696149882b6c7b2') in 0.016484 seconds 
========================================================================
Received Import Request.
  Time since last request: 0.000058 seconds.
  path: Assets/GAMEUIASSETS/SentenceCompletion/Fan.png
  artifactKey: Guid(2dd66c876b8755546bdee37cc897c633) Importer(815301076,1909f56bfc062723c751e8b465ee728b)
Start importing Assets/GAMEUIASSETS/SentenceCompletion/Fan.png using Guid(2dd66c876b8755546bdee37cc897c633) Importer(815301076,1909f56bfc062723c751e8b465ee728b)  -> (artifact id: '09b9d1662f240aa4376c2f6ca9cb9ce7') in 0.050550 seconds 
========================================================================
Received Import Request.
  Time since last request: 0.000032 seconds.
  path: Assets/UI Assets/level_indicator.png
  artifactKey: Guid(62b37b4622e1eb946bb0e20f146b8804) Importer(815301076,1909f56bfc062723c751e8b465ee728b)
Start importing Assets/UI Assets/level_indicator.png using Guid(62b37b4622e1eb946bb0e20f146b8804) Importer(815301076,1909f56bfc062723c751e8b465ee728b)  -> (artifact id: 'cdc13e428dcd2151936e2b4e836bd202') in 0.019619 seconds 
========================================================================
Received Import Request.
  Time since last request: 0.000073 seconds.
  path: Assets/GAMEUIASSETS/PinoyPinayWhizShow/damit.png
  artifactKey: Guid(203338091619faf419f7c32d01d2ff16) Importer(815301076,1909f56bfc062723c751e8b465ee728b)
Start importing Assets/GAMEUIASSETS/PinoyPinayWhizShow/damit.png using Guid(203338091619faf419f7c32d01d2ff16) Importer(815301076,1909f56bfc062723c751e8b465ee728b)  -> (artifact id: '8950cd7ffc65baccc085add3e8bfe287') in 0.132166 seconds 
========================================================================
Received Import Request.
  Time since last request: 0.000037 seconds.
  path: Assets/TextMesh Pro/Resources/Fonts & Materials/LiberationSans SDF - Fallback.asset
  artifactKey: Guid(2e498d1c8094910479dc3e1b768306a4) Importer(815301076,1909f56bfc062723c751e8b465ee728b)
Start importing Assets/TextMesh Pro/Resources/Fonts & Materials/LiberationSans SDF - Fallback.asset using Guid(2e498d1c8094910479dc3e1b768306a4) Importer(815301076,1909f56bfc062723c751e8b465ee728b)  -> (artifact id: 'a2b3a9aa46625cd258ec03bb8d45b859') in 0.031305 seconds 
========================================================================
Received Import Request.
  Time since last request: 0.000037 seconds.
  path: Assets/UI Assets/math_icon.png
  artifactKey: Guid(9e715218ce42e1c45af0e2625f85068c) Importer(815301076,1909f56bfc062723c751e8b465ee728b)
Start importing Assets/UI Assets/math_icon.png using Guid(9e715218ce42e1c45af0e2625f85068c) Importer(815301076,1909f56bfc062723c751e8b465ee728b)  -> (artifact id: '9edbb57fbd9633a0c5908110bd55ee36') in 0.056670 seconds 
========================================================================
Received Import Request.
  Time since last request: 0.000028 seconds.
  path: Assets/UI Assets/New UI/Menu/menu_button.png
  artifactKey: Guid(b8895bd4f89be5d4ebbb3c478a7b225d) Importer(815301076,1909f56bfc062723c751e8b465ee728b)
Start importing Assets/UI Assets/New UI/Menu/menu_button.png using Guid(b8895bd4f89be5d4ebbb3c478a7b225d) Importer(815301076,1909f56bfc062723c751e8b465ee728b)  -> (artifact id: '32d4af0bf8dac092d98d0ba3ae83c323') in 0.014030 seconds 
========================================================================
Received Import Request.
  Time since last request: 0.000023 seconds.
  path: Assets/UI Assets/lighting.png
  artifactKey: Guid(5b7761bc5449a3c4f8d115155271baab) Importer(815301076,1909f56bfc062723c751e8b465ee728b)
Start importing Assets/UI Assets/lighting.png using Guid(5b7761bc5449a3c4f8d115155271baab) Importer(815301076,1909f56bfc062723c751e8b465ee728b)  -> (artifact id: '282d2825f1ac1ca0acc4a1108c77008f') in 0.028887 seconds 
========================================================================
Received Import Request.
  Time since last request: 0.000053 seconds.
  path: Assets/GAMEUIASSETS/PutUpWordCompletion/long_button.png
  artifactKey: Guid(3909b877d0f94e8439c61db97f404a5c) Importer(815301076,1909f56bfc062723c751e8b465ee728b)
Start importing Assets/GAMEUIASSETS/PutUpWordCompletion/long_button.png using Guid(3909b877d0f94e8439c61db97f404a5c) Importer(815301076,1909f56bfc062723c751e8b465ee728b)  -> (artifact id: 'a0c90966756a177f3ca3546028294395') in 0.017680 seconds 
========================================================================
Received Import Request.
  Time since last request: 0.000028 seconds.
  path: Assets/UI Assets/log_in_button.png
  artifactKey: Guid(ad58c1c2756466647808893e495b35e3) Importer(815301076,1909f56bfc062723c751e8b465ee728b)
Start importing Assets/UI Assets/log_in_button.png using Guid(ad58c1c2756466647808893e495b35e3) Importer(815301076,1909f56bfc062723c751e8b465ee728b)  -> (artifact id: '23f13bfedd830d79ac43904866f2b53d') in 0.014748 seconds 
========================================================================
Received Import Request.
  Time since last request: 0.000038 seconds.
  path: Assets/janda_manatee/JandaManateeBubble.ttf
  artifactKey: Guid(96e5a5d48a5f699469e18118f2441c03) Importer(815301076,1909f56bfc062723c751e8b465ee728b)
Start importing Assets/janda_manatee/JandaManateeBubble.ttf using Guid(96e5a5d48a5f699469e18118f2441c03) Importer(815301076,1909f56bfc062723c751e8b465ee728b)  -> (artifact id: '8a6798bb39680e54f3c07512d60ad305') in 0.016826 seconds 
========================================================================
Received Import Request.
  Time since last request: 0.000043 seconds.
  path: Assets/UI Assets/ears.png
  artifactKey: Guid(3564c08a09714c149a978cfaa4e67756) Importer(815301076,1909f56bfc062723c751e8b465ee728b)
Start importing Assets/UI Assets/ears.png using Guid(3564c08a09714c149a978cfaa4e67756) Importer(815301076,1909f56bfc062723c751e8b465ee728b)  -> (artifact id: '71398499a1cb1c4fdf1b5dd21d85287e') in 0.047628 seconds 
========================================================================
Received Import Request.
  Time since last request: 0.000028 seconds.
  path: Assets/UI Assets/LOADING_BAR.png
  artifactKey: Guid(59284114a4473be4082219f3f93bcc80) Importer(815301076,1909f56bfc062723c751e8b465ee728b)
Start importing Assets/UI Assets/LOADING_BAR.png using Guid(59284114a4473be4082219f3f93bcc80) Importer(815301076,1909f56bfc062723c751e8b465ee728b)  -> (artifact id: '0fba9ae63a0a2a786289697d383e3075') in 0.018690 seconds 
========================================================================
Received Import Request.
  Time since last request: 0.000021 seconds.
  path: Assets/UI Assets/New UI/hs3o_estf_130915.jpg
  artifactKey: Guid(ecf1fe84d0555404faa30f31122fd97b) Importer(815301076,1909f56bfc062723c751e8b465ee728b)
Start importing Assets/UI Assets/New UI/hs3o_estf_130915.jpg using Guid(ecf1fe84d0555404faa30f31122fd97b) Importer(815301076,1909f56bfc062723c751e8b465ee728b)  -> (artifact id: '08611108bd63ff416cd8ca24b2fdae9d') in 0.068424 seconds 
========================================================================
Received Import Request.
  Time since last request: 0.000041 seconds.
  path: Assets/UI Assets/guest_button.png
  artifactKey: Guid(9ace658e3bf8276479ecb1fa9b67a89c) Importer(815301076,1909f56bfc062723c751e8b465ee728b)
Start importing Assets/UI Assets/guest_button.png using Guid(9ace658e3bf8276479ecb1fa9b67a89c) Importer(815301076,1909f56bfc062723c751e8b465ee728b)  -> (artifact id: 'e940502e4c428ee8d22a018ba36ed286') in 0.015199 seconds 
========================================================================
Received Import Request.
  Time since last request: 0.000049 seconds.
  path: Assets/GAMEUIASSETS/PinoyPinayWhizShow/ce1.png
  artifactKey: Guid(3353a594bc315074b9c018571a945e70) Importer(815301076,1909f56bfc062723c751e8b465ee728b)
Start importing Assets/GAMEUIASSETS/PinoyPinayWhizShow/ce1.png using Guid(3353a594bc315074b9c018571a945e70) Importer(815301076,1909f56bfc062723c751e8b465ee728b)  -> (artifact id: '949319c3db2e6e901b2b4ad5ef55fc22') in 0.125821 seconds 
========================================================================
Received Import Request.
  Time since last request: 2.005936 seconds.
  path: Assets/UI Assets/music.png
  artifactKey: Guid(7613737e4965e814cb04067abfba0020) Importer(815301076,1909f56bfc062723c751e8b465ee728b)
Start importing Assets/UI Assets/music.png using Guid(7613737e4965e814cb04067abfba0020) Importer(815301076,1909f56bfc062723c751e8b465ee728b)  -> (artifact id: '120800fc9a631216e5fe92e257e42a5a') in 0.033813 seconds 
========================================================================
Received Import Request.
  Time since last request: 0.000031 seconds.
  path: Assets/UI Assets/others_active.png
  artifactKey: Guid(1a448f7a6a8802044af69f01b0b5a59f) Importer(815301076,1909f56bfc062723c751e8b465ee728b)
Start importing Assets/UI Assets/others_active.png using Guid(1a448f7a6a8802044af69f01b0b5a59f) Importer(815301076,1909f56bfc062723c751e8b465ee728b)  -> (artifact id: 'f001eebe247d35030b13c51fc869c338') in 0.022387 seconds 
========================================================================
Received Import Request.
  Time since last request: 0.000033 seconds.
  path: Assets/UI Assets/pause_bg.png
  artifactKey: Guid(afaa22b7e5d47f54e8d682da686d6893) Importer(815301076,1909f56bfc062723c751e8b465ee728b)
Start importing Assets/UI Assets/pause_bg.png using Guid(afaa22b7e5d47f54e8d682da686d6893) Importer(815301076,1909f56bfc062723c751e8b465ee728b)  -> (artifact id: '25c8930f52a417ea9b198a77e05f2269') in 0.080302 seconds 
========================================================================
Received Import Request.
  Time since last request: 0.000030 seconds.
  path: Assets/UI Assets/outer_bar_congrats.png
  artifactKey: Guid(448c988711ecac5419a20165c51d4b12) Importer(815301076,1909f56bfc062723c751e8b465ee728b)
Start importing Assets/UI Assets/outer_bar_congrats.png using Guid(448c988711ecac5419a20165c51d4b12) Importer(815301076,1909f56bfc062723c751e8b465ee728b)  -> (artifact id: '7033936d6f9287ea83d33b364c2c74ae') in 0.023381 seconds 
========================================================================
Received Import Request.
  Time since last request: 0.000020 seconds.
  path: Assets/UI Assets/outer.png
  artifactKey: Guid(56f9a2babc4d6e141a6e7660d37b502c) Importer(815301076,1909f56bfc062723c751e8b465ee728b)
Start importing Assets/UI Assets/outer.png using Guid(56f9a2babc4d6e141a6e7660d37b502c) Importer(815301076,1909f56bfc062723c751e8b465ee728b)  -> (artifact id: '27b4bd289c84dd64ba41aed11f1b96b7') in 0.013205 seconds 
========================================================================
Received Import Request.
  Time since last request: 0.000023 seconds.
  path: Assets/UI Assets/play.png
  artifactKey: Guid(d0edaf5b33f461144b55cf04e2036486) Importer(815301076,1909f56bfc062723c751e8b465ee728b)
Start importing Assets/UI Assets/play.png using Guid(d0edaf5b33f461144b55cf04e2036486) Importer(815301076,1909f56bfc062723c751e8b465ee728b)  -> (artifact id: 'fc8566f41907e4722207d965b45909ee') in 0.016451 seconds 
========================================================================
Received Import Request.
  Time since last request: 0.000036 seconds.
  path: Assets/GAMEUIASSETS/PinoyPinayWhizShow/pinay.png
  artifactKey: Guid(9065f61836db5214da5c23a77ccab89a) Importer(815301076,1909f56bfc062723c751e8b465ee728b)
Start importing Assets/GAMEUIASSETS/PinoyPinayWhizShow/pinay.png using Guid(9065f61836db5214da5c23a77ccab89a) Importer(815301076,1909f56bfc062723c751e8b465ee728b)  -> (artifact id: '1632bba6c391dfe1789e399a072ce9b4') in 0.127089 seconds 
========================================================================
Received Import Request.
  Time since last request: 0.000029 seconds.
  path: Assets/UI Assets/numberContainerSkippy.png
  artifactKey: Guid(d456224f3d3ff0142886acee92877826) Importer(815301076,1909f56bfc062723c751e8b465ee728b)
Start importing Assets/UI Assets/numberContainerSkippy.png using Guid(d456224f3d3ff0142886acee92877826) Importer(815301076,1909f56bfc062723c751e8b465ee728b)  -> (artifact id: 'aaa88ca873a18f452824afbd931fab23') in 0.035937 seconds 
========================================================================
Received Import Request.
  Time since last request: 0.000028 seconds.
  path: Assets/GAMEUIASSETS/Quesp.png
  artifactKey: Guid(7c60f2b0685125a4fbdb826f5f2a9540) Importer(815301076,1909f56bfc062723c751e8b465ee728b)
Start importing Assets/GAMEUIASSETS/Quesp.png using Guid(7c60f2b0685125a4fbdb826f5f2a9540) Importer(815301076,1909f56bfc062723c751e8b465ee728b)  -> (artifact id: '514a95d3f3bbc002e647420ccfdd8feb') in 0.093025 seconds 
========================================================================
Received Import Request.
  Time since last request: 0.000043 seconds.
  path: Assets/UI Assets/nose.png
  artifactKey: Guid(4e3822c23249afe4287cc41bdb7ce845) Importer(815301076,1909f56bfc062723c751e8b465ee728b)
Start importing Assets/UI Assets/nose.png using Guid(4e3822c23249afe4287cc41bdb7ce845) Importer(815301076,1909f56bfc062723c751e8b465ee728b)  -> (artifact id: 'c323f7074ad2e310d4597fc5129a1c5d') in 0.032243 seconds 
========================================================================
Received Import Request.
  Time since last request: 0.000029 seconds.
  path: Assets/UI Assets/off_music.png
  artifactKey: Guid(28ff5e785690c7e4fa796631c5b700dc) Importer(815301076,1909f56bfc062723c751e8b465ee728b)
Start importing Assets/UI Assets/off_music.png using Guid(28ff5e785690c7e4fa796631c5b700dc) Importer(815301076,1909f56bfc062723c751e8b465ee728b)  -> (artifact id: '9051d3e2bd8665dcd9a317242d80ac5d') in 0.017460 seconds 
========================================================================
Received Import Request.
  Time since last request: 0.000027 seconds.
  path: Assets/UI Assets/next-item.png
  artifactKey: Guid(6222e027acf31e2419e9b2d1402c0017) Importer(815301076,1909f56bfc062723c751e8b465ee728b)
Start importing Assets/UI Assets/next-item.png using Guid(6222e027acf31e2419e9b2d1402c0017) Importer(815301076,1909f56bfc062723c751e8b465ee728b)  -> (artifact id: '95faac7ca5594cccac4bd9df665c4502') in 0.028669 seconds 
========================================================================
Received Import Request.
  Time since last request: 0.000027 seconds.
  path: Assets/UI Assets/open_book_cut_out.png
  artifactKey: Guid(7e8e83d2497d4944696309bace6f3bb1) Importer(815301076,1909f56bfc062723c751e8b465ee728b)
Start importing Assets/UI Assets/open_book_cut_out.png using Guid(7e8e83d2497d4944696309bace6f3bb1) Importer(815301076,1909f56bfc062723c751e8b465ee728b)  -> (artifact id: '300d9bdec43ea1657da0ab4e815dce76') in 0.056378 seconds 
========================================================================
Received Import Request.
  Time since last request: 0.000053 seconds.
  path: Assets/UI Assets/quest_giver.png
  artifactKey: Guid(8b7dac7a3888bf746821c45e4c62ab93) Importer(815301076,1909f56bfc062723c751e8b465ee728b)
Start importing Assets/UI Assets/quest_giver.png using Guid(8b7dac7a3888bf746821c45e4c62ab93) Importer(815301076,1909f56bfc062723c751e8b465ee728b)  -> (artifact id: '093941ad967abbd87ab1cfeb77c57703') in 0.032585 seconds 
========================================================================
Received Import Request.
  Time since last request: 0.068137 seconds.
  path: Assets/UI Assets/restart.png
  artifactKey: Guid(32c095a3924606e499878ce7c5182b9d) Importer(815301076,1909f56bfc062723c751e8b465ee728b)
Start importing Assets/UI Assets/restart.png using Guid(32c095a3924606e499878ce7c5182b9d) Importer(815301076,1909f56bfc062723c751e8b465ee728b)  -> (artifact id: 'c21db76a38ca5469e6f690f53638aeff') in 0.020477 seconds 
========================================================================
Received Import Request.
  Time since last request: 0.000032 seconds.
  path: Assets/UI Assets/RIGHT.png
  artifactKey: Guid(fb38cf8f20e7d5b4ba413b83f0167637) Importer(815301076,1909f56bfc062723c751e8b465ee728b)
Start importing Assets/UI Assets/RIGHT.png using Guid(fb38cf8f20e7d5b4ba413b83f0167637) Importer(815301076,1909f56bfc062723c751e8b465ee728b)  -> (artifact id: '328b051d3329b55bf827f7c53acb6786') in 0.013286 seconds 
========================================================================
Received Import Request.
  Time since last request: 0.000046 seconds.
  path: Assets/UI Assets/New UI/right_pic_container.png
  artifactKey: Guid(07287299dcd551648a7ad6062b8fc486) Importer(815301076,1909f56bfc062723c751e8b465ee728b)
Start importing Assets/UI Assets/New UI/right_pic_container.png using Guid(07287299dcd551648a7ad6062b8fc486) Importer(815301076,1909f56bfc062723c751e8b465ee728b)  -> (artifact id: 'cf3b379f96fb5ca17f6228bf4da2bb78') in 0.071180 seconds 
========================================================================
Received Import Request.
  Time since last request: 0.000028 seconds.
  path: Assets/UI Assets/settings (1)_pause.png
  artifactKey: Guid(9d1316527e486d248be2b2b35f8ac74a) Importer(815301076,1909f56bfc062723c751e8b465ee728b)
Start importing Assets/UI Assets/settings (1)_pause.png using Guid(9d1316527e486d248be2b2b35f8ac74a) Importer(815301076,1909f56bfc062723c751e8b465ee728b)  -> (artifact id: '7ae9f54736c64482a835dd5747949e49') in 0.015103 seconds 
========================================================================
Received Import Request.
  Time since last request: 0.000028 seconds.
  path: Assets/UI Assets/New UI/sentence_coompletion_text.png
  artifactKey: Guid(3b8008020ac83be418426d7f2b402ab5) Importer(815301076,1909f56bfc062723c751e8b465ee728b)
Start importing Assets/UI Assets/New UI/sentence_coompletion_text.png using Guid(3b8008020ac83be418426d7f2b402ab5) Importer(815301076,1909f56bfc062723c751e8b465ee728b)  -> (artifact id: 'c95086ab62b5140ab6f9355c080ebeb8') in 0.019886 seconds 
========================================================================
Received Import Request.
  Time since last request: 0.000042 seconds.
  path: Assets/GAMEUIASSETS/SentenceCompletion/Rug.png
  artifactKey: Guid(5a9a75e24304f494ebc07e2fb0c80a8c) Importer(815301076,1909f56bfc062723c751e8b465ee728b)
Start importing Assets/GAMEUIASSETS/SentenceCompletion/Rug.png using Guid(5a9a75e24304f494ebc07e2fb0c80a8c) Importer(815301076,1909f56bfc062723c751e8b465ee728b)  -> (artifact id: '403a01d96f7a754f95ee95b8d2e85d4e') in 0.044551 seconds 
========================================================================
Received Import Request.
  Time since last request: 0.000020 seconds.
  path: Assets/UI Assets/selection_bg.png
  artifactKey: Guid(5a8df4ec2b29e0f4ea0b49ce7792bb0c) Importer(815301076,1909f56bfc062723c751e8b465ee728b)
Start importing Assets/UI Assets/selection_bg.png using Guid(5a8df4ec2b29e0f4ea0b49ce7792bb0c) Importer(815301076,1909f56bfc062723c751e8b465ee728b)  -> (artifact id: 'c15c680851eadf3b7b9d022d85dc20c3') in 0.017056 seconds 
========================================================================
Received Import Request.
  Time since last request: 0.377442 seconds.
  path: Assets/UI Assets/shoot_btn.png
  artifactKey: Guid(3069a2e5f10f0144fa05fc58f002e1dd) Importer(815301076,1909f56bfc062723c751e8b465ee728b)
Start importing Assets/UI Assets/shoot_btn.png using Guid(3069a2e5f10f0144fa05fc58f002e1dd) Importer(815301076,1909f56bfc062723c751e8b465ee728b)  -> (artifact id: '69350bd120817c5255ee0d5c90696fdd') in 0.020729 seconds 
========================================================================
Received Import Request.
  Time since last request: 0.000043 seconds.
  path: Assets/UI Assets/slider_controller_sound.png
  artifactKey: Guid(e7c971d5049dd8740b3698f7bbb73b13) Importer(815301076,1909f56bfc062723c751e8b465ee728b)
Start importing Assets/UI Assets/slider_controller_sound.png using Guid(e7c971d5049dd8740b3698f7bbb73b13) Importer(815301076,1909f56bfc062723c751e8b465ee728b)  -> (artifact id: '7877c1f82136b6f829901fc4df0d3d98') in 0.015604 seconds 
========================================================================
Received Import Request.
  Time since last request: 0.000030 seconds.
  path: Assets/UI Assets/slider_empty_sound.png
  artifactKey: Guid(9bd764057f63eb749ad9b7706eac421a) Importer(815301076,1909f56bfc062723c751e8b465ee728b)
Start importing Assets/UI Assets/slider_empty_sound.png using Guid(9bd764057f63eb749ad9b7706eac421a) Importer(815301076,1909f56bfc062723c751e8b465ee728b)  -> (artifact id: 'caa3e091d26bd13fe8c82d204273c1f5') in 0.013051 seconds 
========================================================================
Received Import Request.
  Time since last request: 0.000022 seconds.
  path: Assets/UI Assets/skip_counting_by_text.png
  artifactKey: Guid(26b750af2c8e12d42879b610bfb1f35d) Importer(815301076,1909f56bfc062723c751e8b465ee728b)
Start importing Assets/UI Assets/skip_counting_by_text.png using Guid(26b750af2c8e12d42879b610bfb1f35d) Importer(815301076,1909f56bfc062723c751e8b465ee728b)  -> (artifact id: '5bc0f5b092fc5680cf69aa2494f6db76') in 0.019040 seconds 
========================================================================
Received Import Request.
  Time since last request: 0.000026 seconds.
  path: Assets/UI Assets/stamina_bar_inner.png
  artifactKey: Guid(033e63e4a15eeeb45890482f1c911460) Importer(815301076,1909f56bfc062723c751e8b465ee728b)
Start importing Assets/UI Assets/stamina_bar_inner.png using Guid(033e63e4a15eeeb45890482f1c911460) Importer(815301076,1909f56bfc062723c751e8b465ee728b)  -> (artifact id: '22a33250f863adf8d8606ef4b3aed990') in 0.019272 seconds 
========================================================================
Received Import Request.
  Time since last request: 0.000070 seconds.
  path: Assets/UI Assets/star.png
  artifactKey: Guid(e8a48b76c08ff5f49bde64c5f8fce821) Importer(815301076,1909f56bfc062723c751e8b465ee728b)
Start importing Assets/UI Assets/star.png using Guid(e8a48b76c08ff5f49bde64c5f8fce821) Importer(815301076,1909f56bfc062723c751e8b465ee728b)  -> (artifact id: '4fbf4686c4ddacbc16b00a050b19ead3') in 0.014067 seconds 
========================================================================
Received Import Request.
  Time since last request: 0.000024 seconds.
  path: Assets/GAMEUIASSETS/ClipArSpQ/Spoon.png
  artifactKey: Guid(355c5e6c7fc9e494b87cc0e934c2a65d) Importer(815301076,1909f56bfc062723c751e8b465ee728b)
Start importing Assets/GAMEUIASSETS/ClipArSpQ/Spoon.png using Guid(355c5e6c7fc9e494b87cc0e934c2a65d) Importer(815301076,1909f56bfc062723c751e8b465ee728b)  -> (artifact id: '494755493f817cc5bf1d991deca69fee') in 0.197903 seconds 
========================================================================
Received Import Request.
  Time since last request: 0.119776 seconds.
  path: Assets/UI Assets/study_button.png
  artifactKey: Guid(5c8a728a7af81cc47bf70fb639cd36ff) Importer(815301076,1909f56bfc062723c751e8b465ee728b)
Start importing Assets/UI Assets/study_button.png using Guid(5c8a728a7af81cc47bf70fb639cd36ff) Importer(815301076,1909f56bfc062723c751e8b465ee728b)  -> (artifact id: 'eba47bf780a4f18c0b476928b22b203a') in 0.015596 seconds 
========================================================================
Received Import Request.
  Time since last request: 0.000022 seconds.
  path: Assets/GAMEUIASSETS/SentenceCompletion/Sun.png
  artifactKey: Guid(702e6bba4e4610848a74b4762721cf18) Importer(815301076,1909f56bfc062723c751e8b465ee728b)
Start importing Assets/GAMEUIASSETS/SentenceCompletion/Sun.png using Guid(702e6bba4e4610848a74b4762721cf18) Importer(815301076,1909f56bfc062723c751e8b465ee728b)  -> (artifact id: 'ebb424e1aa4c10f10611f8bee0132a32') in 0.034792 seconds 
========================================================================
Received Import Request.
  Time since last request: 0.000018 seconds.
  path: Assets/GAMEUIASSETS/ClipArSpQ/Sword.png
  artifactKey: Guid(5e42f749c09939c49b8b0b62bf3742f5) Importer(815301076,1909f56bfc062723c751e8b465ee728b)
Start importing Assets/GAMEUIASSETS/ClipArSpQ/Sword.png using Guid(5e42f749c09939c49b8b0b62bf3742f5) Importer(815301076,1909f56bfc062723c751e8b465ee728b)  -> (artifact id: 'ef2c75185f2a098c480e2bf00d95b769') in 0.138189 seconds 
========================================================================
Received Import Request.
  Time since last request: 0.209751 seconds.
  path: Assets/GAMEUIASSETS/DragAndDrop/tiemrbar.png
  artifactKey: Guid(6f54b14829e79814ab39fc86afa9e635) Importer(815301076,1909f56bfc062723c751e8b465ee728b)
Start importing Assets/GAMEUIASSETS/DragAndDrop/tiemrbar.png using Guid(6f54b14829e79814ab39fc86afa9e635) Importer(815301076,1909f56bfc062723c751e8b465ee728b)  -> (artifact id: 'ba430dcf0edd99e618ea354f50f4e717') in 0.069332 seconds 
========================================================================
Received Import Request.
  Time since last request: 0.000046 seconds.
  path: Assets/GAMEUIASSETS/DragAndDrop/timerbarhol.png
  artifactKey: Guid(c8b17993027174d478e7e62870c8d2ab) Importer(815301076,1909f56bfc062723c751e8b465ee728b)
Start importing Assets/GAMEUIASSETS/DragAndDrop/timerbarhol.png using Guid(c8b17993027174d478e7e62870c8d2ab) Importer(815301076,1909f56bfc062723c751e8b465ee728b)  -> (artifact id: '61053a9b7b608a0964534190894cf2fb') in 0.095131 seconds 
========================================================================
Received Import Request.
  Time since last request: 0.000025 seconds.
  path: Assets/UI Assets/user_id.png
  artifactKey: Guid(720458373df71274b82a9d5c51b2c33c) Importer(815301076,1909f56bfc062723c751e8b465ee728b)
Start importing Assets/UI Assets/user_id.png using Guid(720458373df71274b82a9d5c51b2c33c) Importer(815301076,1909f56bfc062723c751e8b465ee728b)  -> (artifact id: '379bc030ab538cdd3fb8af5ccc8447fe') in 0.016809 seconds 
========================================================================
Received Import Request.
  Time since last request: 0.000036 seconds.
  path: Assets/GAMEUIASSETS/ClipArSpQ/True.png
  artifactKey: Guid(6c8772414ea79c244b482b1d55445e69) Importer(815301076,1909f56bfc062723c751e8b465ee728b)
Start importing Assets/GAMEUIASSETS/ClipArSpQ/True.png using Guid(6c8772414ea79c244b482b1d55445e69) Importer(815301076,1909f56bfc062723c751e8b465ee728b)  -> (artifact id: 'd093f40a1f68d302944f1dbeeac23d73') in 0.025162 seconds 
========================================================================
Received Import Request.
  Time since last request: 0.000048 seconds.
  path: Assets/GAMEUIASSETS/SentenceCompletion/Van.png
  artifactKey: Guid(fd5b75a2bc125d647a018491aa32e8e6) Importer(815301076,1909f56bfc062723c751e8b465ee728b)
Start importing Assets/GAMEUIASSETS/SentenceCompletion/Van.png using Guid(fd5b75a2bc125d647a018491aa32e8e6) Importer(815301076,1909f56bfc062723c751e8b465ee728b)  -> (artifact id: 'ee2a2a9d66367dccaa55484ad7fbbb2e') in 0.037797 seconds 
========================================================================
Received Import Request.
  Time since last request: 0.000033 seconds.
  path: Assets/TextMesh Pro/Resources/TrueFalse/Tongue.png
  artifactKey: Guid(474f5cea59add954cb97f542e26176b4) Importer(815301076,1909f56bfc062723c751e8b465ee728b)
Start importing Assets/TextMesh Pro/Resources/TrueFalse/Tongue.png using Guid(474f5cea59add954cb97f542e26176b4) Importer(815301076,1909f56bfc062723c751e8b465ee728b)  -> (artifact id: '0fd8e1e572057798d2aa79978830bd10') in 0.032566 seconds 
========================================================================
Received Import Request.
  Time since last request: 0.000065 seconds.
  path: Assets/UI Assets/volume_on.png
  artifactKey: Guid(cb2043780435e2b4790d83b35aeae093) Importer(815301076,1909f56bfc062723c751e8b465ee728b)
Start importing Assets/UI Assets/volume_on.png using Guid(cb2043780435e2b4790d83b35aeae093) Importer(815301076,1909f56bfc062723c751e8b465ee728b)  -> (artifact id: '9397763b9f090cd67a3e17db66662416') in 0.015429 seconds 
========================================================================
Received Import Request.
  Time since last request: 0.000059 seconds.
  path: Assets/Images/CanvasImages/wardrobe_button.png
  artifactKey: Guid(57a0c35d768f5944d81e6e1affa951d6) Importer(815301076,1909f56bfc062723c751e8b465ee728b)
Start importing Assets/Images/CanvasImages/wardrobe_button.png using Guid(57a0c35d768f5944d81e6e1affa951d6) Importer(815301076,1909f56bfc062723c751e8b465ee728b)  -> (artifact id: '0ce679c288cf6bfd2a60776cbcfe2a06') in 0.018473 seconds 
========================================================================
Received Import Request.
  Time since last request: 0.000034 seconds.
  path: Assets/UI Assets/New UI/wakamol.png
  artifactKey: Guid(36c1d36a784912c419a88c7a03fe33d6) Importer(815301076,1909f56bfc062723c751e8b465ee728b)
Start importing Assets/UI Assets/New UI/wakamol.png using Guid(36c1d36a784912c419a88c7a03fe33d6) Importer(815301076,1909f56bfc062723c751e8b465ee728b)  -> (artifact id: 'caec38126c702b891954a5433265b6a5') in 0.050463 seconds 
========================================================================
Received Import Request.
  Time since last request: 0.529948 seconds.
  path: Assets/TextMesh Pro/Examples & Extras/Textures/Wipe Pattern - Diagonal.psd
  artifactKey: Guid(ed5290d8df18488780e2996b9b882f01) Importer(815301076,1909f56bfc062723c751e8b465ee728b)
Start importing Assets/TextMesh Pro/Examples & Extras/Textures/Wipe Pattern - Diagonal.psd using Guid(ed5290d8df18488780e2996b9b882f01) Importer(815301076,1909f56bfc062723c751e8b465ee728b)  -> (artifact id: 'f51fc412b342b77accda42d1049d9902') in 0.015518 seconds 
========================================================================
Received Import Request.
  Time since last request: 0.000032 seconds.
  path: Assets/UI Assets/yes-continue.png
  artifactKey: Guid(013e7070c6c4bdd4ba123215574fbe67) Importer(815301076,1909f56bfc062723c751e8b465ee728b)
Start importing Assets/UI Assets/yes-continue.png using Guid(013e7070c6c4bdd4ba123215574fbe67) Importer(815301076,1909f56bfc062723c751e8b465ee728b)  -> (artifact id: '841bfa29d71f94a6c38606e5e4d9c7e2') in 0.016945 seconds 
========================================================================
Received Import Request.
  Time since last request: 0.000025 seconds.
  path: Assets/GAMEUIASSETS/ClipArSpQ/Zebra.png
  artifactKey: Guid(c82c2f4d253e1d34db13a8e6c0489fab) Importer(815301076,1909f56bfc062723c751e8b465ee728b)
Start importing Assets/GAMEUIASSETS/ClipArSpQ/Zebra.png using Guid(c82c2f4d253e1d34db13a8e6c0489fab) Importer(815301076,1909f56bfc062723c751e8b465ee728b)  -> (artifact id: '29fdb3eefe53c5856fabdbeb52cc49e9') in 0.160865 seconds 
========================================================================
Received Prepare
Refreshing native plugins compatible for Editor in 3.57 ms, found 3 plugins.
Preloading 0 native plugins for Editor in 0.00 ms.
Unloading 22 Unused Serialized files (Serialized files now loaded: 0)
Unloading 23 unused Assets / (396.2 KB). Loaded Objects now: 5655.
Memory consumption went from 97.4 MB to 97.0 MB.
Total: 3.562000 ms (FindLiveObjects: 0.424100 ms CreateObjectMapping: 0.347700 ms MarkObjects: 2.589000 ms  DeleteObjects: 0.200600 ms)

AssetImportParameters requested are different than current active one (requested -> active):
  colorSpace: 0 -> 1
  custom:video-decoder-ogg-theora: a1e56fd34408186e4bbccfd4996cb3dc -> 
  custom:container-muxer-webm: aa71ff27fc2769a1b78a27578f13a17b -> 
  custom:container-demuxer-webm: 4f35f7cbe854078d1ac9338744f61a02 -> 
  custom:video-encoder-webm-vp8: eb34c28f22e8b96e1ab97ce403110664 -> 
  custom:video-codec-MediaFoundation-h265: 746d11721c4dcdbdad8f713fa42b33f4 -> 
  custom:audio-encoder-webm-vorbis: bf7c407c2cedff20999df2af8eb42d56 -> 
  custom:framework-win-MediaFoundation: 216162199b28c13a410421893ffa2e32 -> 
  custom:container-demuxer-ogg: 62fdf1f143b41e24485cea50d1cbac27 -> 
  custom:video-decoder-webm-vp8: 9c59270c3fd7afecdb556c50c9e8de78 -> 
  custom:graphics/active-color-space: 02000000000000000000000000000000 -> 03000000000000000000000000000000
  custom:audio-decoder-ogg-vorbis: bf7c407c2cedff20999df2af8eb42d56 -> 
========================================================================
Received Prepare
Refreshing native plugins compatible for Editor in 3.83 ms, found 3 plugins.
Preloading 0 native plugins for Editor in 0.00 ms.
Unloading 23 Unused Serialized files (Serialized files now loaded: 0)
Unloading 23 unused Assets / (393.4 KB). Loaded Objects now: 5655.
Memory consumption went from 95.7 MB to 95.3 MB.
Total: 3.481000 ms (FindLiveObjects: 0.417700 ms CreateObjectMapping: 0.325400 ms MarkObjects: 2.528900 ms  DeleteObjects: 0.208200 ms)

AssetImportParameters requested are different than current active one (requested -> active):
  custom:video-decoder-ogg-theora: a1e56fd34408186e4bbccfd4996cb3dc -> 
  custom:container-muxer-webm: aa71ff27fc2769a1b78a27578f13a17b -> 
  custom:container-demuxer-webm: 4f35f7cbe854078d1ac9338744f61a02 -> 
  custom:video-encoder-webm-vp8: eb34c28f22e8b96e1ab97ce403110664 -> 
  custom:video-codec-MediaFoundation-h265: 746d11721c4dcdbdad8f713fa42b33f4 -> 
  custom:audio-encoder-webm-vorbis: bf7c407c2cedff20999df2af8eb42d56 -> 
  custom:framework-win-MediaFoundation: 216162199b28c13a410421893ffa2e32 -> 
  custom:container-demuxer-ogg: 62fdf1f143b41e24485cea50d1cbac27 -> 
  custom:video-decoder-webm-vp8: 9c59270c3fd7afecdb556c50c9e8de78 -> 
  custom:audio-decoder-ogg-vorbis: bf7c407c2cedff20999df2af8eb42d56 -> 
========================================================================
Received Prepare
Refreshing native plugins compatible for Editor in 4.55 ms, found 3 plugins.
Preloading 0 native plugins for Editor in 0.00 ms.
Unloading 23 Unused Serialized files (Serialized files now loaded: 0)
Unloading 23 unused Assets / (408.9 KB). Loaded Objects now: 5655.
Memory consumption went from 95.7 MB to 95.3 MB.
Total: 4.549700 ms (FindLiveObjects: 0.500200 ms CreateObjectMapping: 0.349600 ms MarkObjects: 3.469600 ms  DeleteObjects: 0.229000 ms)

AssetImportParameters requested are different than current active one (requested -> active):
  custom:video-decoder-ogg-theora: a1e56fd34408186e4bbccfd4996cb3dc -> 
  custom:container-muxer-webm: aa71ff27fc2769a1b78a27578f13a17b -> 
  custom:container-demuxer-webm: 4f35f7cbe854078d1ac9338744f61a02 -> 
  custom:video-encoder-webm-vp8: eb34c28f22e8b96e1ab97ce403110664 -> 
  custom:video-codec-MediaFoundation-h265: 746d11721c4dcdbdad8f713fa42b33f4 -> 
  custom:audio-encoder-webm-vorbis: bf7c407c2cedff20999df2af8eb42d56 -> 
  custom:framework-win-MediaFoundation: 216162199b28c13a410421893ffa2e32 -> 
  custom:container-demuxer-ogg: 62fdf1f143b41e24485cea50d1cbac27 -> 
  custom:video-decoder-webm-vp8: 9c59270c3fd7afecdb556c50c9e8de78 -> 
  custom:audio-decoder-ogg-vorbis: bf7c407c2cedff20999df2af8eb42d56 -> 
========================================================================
Received Prepare
Registering precompiled user dll's ...
Registered in 0.006974 seconds.
Begin MonoManager ReloadAssembly
Native extension for WindowsStandalone target not found
Native extension for Android target not found
Native extension for WebGL target not found
Refreshing native plugins compatible for Editor in 0.88 ms, found 3 plugins.
Preloading 0 native plugins for Editor in 0.00 ms.
Mono: successfully reloaded assembly
- Completed reload, in  1.042 seconds
Domain Reload Profiling:
	ReloadAssembly (1043ms)
		BeginReloadAssembly (128ms)
			ExecutionOrderSort (0ms)
			DisableScriptedObjects (7ms)
			BackupInstance (0ms)
			ReleaseScriptingObjects (0ms)
			CreateAndSetChildDomain (41ms)
		EndReloadAssembly (811ms)
			LoadAssemblies (88ms)
			RebuildTransferFunctionScriptingTraits (0ms)
			SetupTypeCache (239ms)
			ReleaseScriptCaches (2ms)
			RebuildScriptCaches (38ms)
			SetupLoadedEditorAssemblies (364ms)
				LogAssemblyErrors (0ms)
				InitializePlatformSupportModulesInManaged (20ms)
				SetLoadedEditorAssemblies (0ms)
				RefreshPlugins (1ms)
				BeforeProcessingInitializeOnLoad (68ms)
				ProcessInitializeOnLoadAttributes (185ms)
				ProcessInitializeOnLoadMethodAttributes (81ms)
				AfterProcessingInitializeOnLoad (8ms)
				EditorAssembliesLoaded (0ms)
			ExecutionOrderSort2 (0ms)
			AwakeInstancesAfterBackupRestoration (25ms)
Platform modules already initialized, skipping
Refreshing native plugins compatible for Editor in 2.20 ms, found 3 plugins.
Preloading 0 native plugins for Editor in 0.00 ms.
Unloading 4797 Unused Serialized files (Serialized files now loaded: 0)
Unloading 23 unused Assets / (403.4 KB). Loaded Objects now: 5622.
Memory consumption went from 192.1 MB to 191.8 MB.
Total: 3.866000 ms (FindLiveObjects: 0.464100 ms CreateObjectMapping: 0.455100 ms MarkObjects: 2.726500 ms  DeleteObjects: 0.218500 ms)

AssetImportParameters requested are different than current active one (requested -> active):
  custom:video-decoder-ogg-theora: a1e56fd34408186e4bbccfd4996cb3dc -> 
  custom:container-muxer-webm: aa71ff27fc2769a1b78a27578f13a17b -> 
  custom:container-demuxer-webm: 4f35f7cbe854078d1ac9338744f61a02 -> 
  custom:video-encoder-webm-vp8: eb34c28f22e8b96e1ab97ce403110664 -> 
  custom:video-codec-MediaFoundation-h265: 746d11721c4dcdbdad8f713fa42b33f4 -> 
  custom:audio-encoder-webm-vorbis: bf7c407c2cedff20999df2af8eb42d56 -> 
  custom:framework-win-MediaFoundation: 216162199b28c13a410421893ffa2e32 -> 
  custom:container-demuxer-ogg: 62fdf1f143b41e24485cea50d1cbac27 -> 
  custom:video-decoder-webm-vp8: 9c59270c3fd7afecdb556c50c9e8de78 -> 
  custom:audio-decoder-ogg-vorbis: bf7c407c2cedff20999df2af8eb42d56 -> 
========================================================================
Received Prepare
Registering precompiled user dll's ...
Registered in 0.008312 seconds.
Begin MonoManager ReloadAssembly
Native extension for WindowsStandalone target not found
Native extension for Android target not found
Native extension for WebGL target not found
Refreshing native plugins compatible for Editor in 0.96 ms, found 3 plugins.
Preloading 0 native plugins for Editor in 0.00 ms.
Mono: successfully reloaded assembly
- Completed reload, in  1.065 seconds
Domain Reload Profiling:
	ReloadAssembly (1066ms)
		BeginReloadAssembly (121ms)
			ExecutionOrderSort (0ms)
			DisableScriptedObjects (7ms)
			BackupInstance (0ms)
			ReleaseScriptingObjects (0ms)
			CreateAndSetChildDomain (32ms)
		EndReloadAssembly (857ms)
			LoadAssemblies (92ms)
			RebuildTransferFunctionScriptingTraits (0ms)
			SetupTypeCache (239ms)
			ReleaseScriptCaches (2ms)
			RebuildScriptCaches (39ms)
			SetupLoadedEditorAssemblies (402ms)
				LogAssemblyErrors (0ms)
				InitializePlatformSupportModulesInManaged (23ms)
				SetLoadedEditorAssemblies (0ms)
				RefreshPlugins (1ms)
				BeforeProcessingInitializeOnLoad (78ms)
				ProcessInitializeOnLoadAttributes (208ms)
				ProcessInitializeOnLoadMethodAttributes (82ms)
				AfterProcessingInitializeOnLoad (9ms)
				EditorAssembliesLoaded (0ms)
			ExecutionOrderSort2 (0ms)
			AwakeInstancesAfterBackupRestoration (20ms)
Platform modules already initialized, skipping
Refreshing native plugins compatible for Editor in 2.78 ms, found 3 plugins.
Preloading 0 native plugins for Editor in 0.00 ms.
Unloading 4797 Unused Serialized files (Serialized files now loaded: 0)
Unloading 23 unused Assets / (403.2 KB). Loaded Objects now: 5625.
Memory consumption went from 192.1 MB to 191.7 MB.
Total: 4.477200 ms (FindLiveObjects: 0.861800 ms CreateObjectMapping: 0.479300 ms MarkObjects: 2.894100 ms  DeleteObjects: 0.240400 ms)

AssetImportParameters requested are different than current active one (requested -> active):
  custom:video-decoder-ogg-theora: a1e56fd34408186e4bbccfd4996cb3dc -> 
  custom:container-muxer-webm: aa71ff27fc2769a1b78a27578f13a17b -> 
  custom:container-demuxer-webm: 4f35f7cbe854078d1ac9338744f61a02 -> 
  custom:video-encoder-webm-vp8: eb34c28f22e8b96e1ab97ce403110664 -> 
  custom:video-codec-MediaFoundation-h265: 746d11721c4dcdbdad8f713fa42b33f4 -> 
  custom:audio-encoder-webm-vorbis: bf7c407c2cedff20999df2af8eb42d56 -> 
  custom:framework-win-MediaFoundation: 216162199b28c13a410421893ffa2e32 -> 
  custom:container-demuxer-ogg: 62fdf1f143b41e24485cea50d1cbac27 -> 
  custom:video-decoder-webm-vp8: 9c59270c3fd7afecdb556c50c9e8de78 -> 
  custom:audio-decoder-ogg-vorbis: bf7c407c2cedff20999df2af8eb42d56 -> 
========================================================================
Received Import Request.
  Time since last request: 2563.786286 seconds.
  path: Assets/UI Assets/wakamol/congrats.png
  artifactKey: Guid(1a6875f219c18c34d89eacca8f28ae75) Importer(815301076,1909f56bfc062723c751e8b465ee728b)
Start importing Assets/UI Assets/wakamol/congrats.png using Guid(1a6875f219c18c34d89eacca8f28ae75) Importer(815301076,1909f56bfc062723c751e8b465ee728b) Requested RenderTexture with sRGB format. sRGB formats are not supported in gamma mode, fallback to a UNorm format. Use a UNorm format instead of sRGB to silence this warning.
UnityEngine.StackTraceUtility:ExtractStackTrace ()
UnityEngine.Graphics:Blit (UnityEngine.Texture,UnityEngine.RenderTexture)
UnityEditor.TextureInspector:RenderStaticPreview (string,UnityEngine.Object[],int,int)
UnityEditor.AssetPreviewUpdater:CreatePreview (UnityEngine.Object,UnityEngine.Object[],string,int,int)
UnityEditor.AssetPreviewUpdater:CreatePreviewForAsset (UnityEngine.Object,UnityEngine.Object[],string)

[C:\buildslave\unity\build\Runtime\Graphics\RenderTexture.cpp line 1064]

Requested RenderTexture with sRGB format. sRGB formats are not supported in gamma mode, fallback to a UNorm format. Use a UNorm format instead of sRGB to silence this warning.
UnityEngine.StackTraceUtility:ExtractStackTrace ()
UnityEngine.Graphics:Blit (UnityEngine.Texture,UnityEngine.RenderTexture)
UnityEditor.TextureInspector:RenderStaticPreview (string,UnityEngine.Object[],int,int)
UnityEditor.AssetPreviewUpdater:CreatePreview (UnityEngine.Object,UnityEngine.Object[],string,int,int)
UnityEditor.AssetPreviewUpdater:CreatePreviewForAsset (UnityEngine.Object,UnityEngine.Object[],string)

[C:\buildslave\unity\build\Runtime\Graphics\RenderTexture.cpp line 1064]

Requested RenderTexture with sRGB format. sRGB formats are not supported in gamma mode, fallback to a UNorm format. Use a UNorm format instead of sRGB to silence this warning.
UnityEngine.StackTraceUtility:ExtractStackTrace ()
UnityEngine.RenderTexture:set_active (UnityEngine.RenderTexture)
UnityEditor.SpriteInspector:BuildPreviewTexture (UnityEngine.Sprite,UnityEngine.Material,bool)
UnityEditor.SpriteInspector:RenderStaticPreview (string,UnityEngine.Object[],int,int)
UnityEditor.AssetPreviewUpdater:CreatePreview (UnityEngine.Object,UnityEngine.Object[],string,int,int)
UnityEditor.AssetPreviewUpdater:CreatePreviewForAsset (UnityEngine.Object,UnityEngine.Object[],string)

[C:\buildslave\unity\build\Runtime\Graphics\RenderTexture.cpp line 1064]

Requested RenderTexture with sRGB format. sRGB formats are not supported in gamma mode, fallback to a UNorm format. Use a UNorm format instead of sRGB to silence this warning.
UnityEngine.StackTraceUtility:ExtractStackTrace ()
UnityEngine.RenderTexture:set_active (UnityEngine.RenderTexture)
UnityEditor.SpriteInspector:BuildPreviewTexture (UnityEngine.Sprite,UnityEngine.Material,bool)
UnityEditor.SpriteInspector:RenderStaticPreview (string,UnityEngine.Object[],int,int)
UnityEditor.AssetPreviewUpdater:CreatePreview (UnityEngine.Object,UnityEngine.Object[],string,int,int)
UnityEditor.AssetPreviewUpdater:CreatePreviewForAsset (UnityEngine.Object,UnityEngine.Object[],string)

[C:\buildslave\unity\build\Runtime\Graphics\RenderTexture.cpp line 1064]

 -> (artifact id: '578823f6945d17a20d94240dfe6a0af9') in 0.104445 seconds 
========================================================================
Received Import Request.
  Time since last request: 0.000058 seconds.
  path: Assets/UI Assets/wakamol/time_container.png
  artifactKey: Guid(7dd258cf8f7b43b41ac51046aa91e977) Importer(815301076,1909f56bfc062723c751e8b465ee728b)
Start importing Assets/UI Assets/wakamol/time_container.png using Guid(7dd258cf8f7b43b41ac51046aa91e977) Importer(815301076,1909f56bfc062723c751e8b465ee728b) Requested RenderTexture with sRGB format. sRGB formats are not supported in gamma mode, fallback to a UNorm format. Use a UNorm format instead of sRGB to silence this warning.
UnityEngine.StackTraceUtility:ExtractStackTrace ()
UnityEngine.RenderTexture:GetTemporary_Internal (UnityEngine.RenderTextureDescriptor)
UnityEngine.RenderTexture:GetTemporary (UnityEngine.RenderTextureDescriptor)
UnityEngine.RenderTexture:GetTemporaryImpl (int,int,int,UnityEngine.Experimental.Rendering.GraphicsFormat,int,UnityEngine.RenderTextureMemoryless,UnityEngine.VRTextureUsage,bool)
UnityEngine.RenderTexture:GetTemporary (int,int,int,UnityEngine.Experimental.Rendering.GraphicsFormat)
UnityEditor.TextureInspector:RenderStaticPreview (string,UnityEngine.Object[],int,int)
UnityEditor.AssetPreviewUpdater:CreatePreview (UnityEngine.Object,UnityEngine.Object[],string,int,int)
UnityEditor.AssetPreviewUpdater:CreatePreviewForAsset (UnityEngine.Object,UnityEngine.Object[],string)

[C:\buildslave\unity\build\Runtime\Graphics\RenderTexture.cpp line 1064]

Requested RenderTexture with sRGB format. sRGB formats are not supported in gamma mode, fallback to a UNorm format. Use a UNorm format instead of sRGB to silence this warning.
UnityEngine.StackTraceUtility:ExtractStackTrace ()
UnityEngine.RenderTexture:set_active (UnityEngine.RenderTexture)
UnityEditor.SpriteInspector:BuildPreviewTexture (UnityEngine.Sprite,UnityEngine.Material,bool)
UnityEditor.SpriteInspector:RenderStaticPreview (string,UnityEngine.Object[],int,int)
UnityEditor.AssetPreviewUpdater:CreatePreview (UnityEngine.Object,UnityEngine.Object[],string,int,int)
UnityEditor.AssetPreviewUpdater:CreatePreviewForAsset (UnityEngine.Object,UnityEngine.Object[],string)

[C:\buildslave\unity\build\Runtime\Graphics\RenderTexture.cpp line 1064]

Requested RenderTexture with sRGB format. sRGB formats are not supported in gamma mode, fallback to a UNorm format. Use a UNorm format instead of sRGB to silence this warning.
UnityEngine.StackTraceUtility:ExtractStackTrace ()
UnityEngine.RenderTexture:set_active (UnityEngine.RenderTexture)
UnityEditor.SpriteInspector:BuildPreviewTexture (UnityEngine.Sprite,UnityEngine.Material,bool)
UnityEditor.SpriteInspector:RenderStaticPreview (string,UnityEngine.Object[],int,int)
UnityEditor.AssetPreviewUpdater:CreatePreview (UnityEngine.Object,UnityEngine.Object[],string,int,int)
UnityEditor.AssetPreviewUpdater:CreatePreviewForAsset (UnityEngine.Object,UnityEngine.Object[],string)

[C:\buildslave\unity\build\Runtime\Graphics\RenderTexture.cpp line 1064]

 -> (artifact id: '41857ed53678607c67a282e0d19698b9') in 0.018771 seconds 
========================================================================
Received Import Request.
  Time since last request: 0.000047 seconds.
  path: Assets/UI Assets/wakamol/ready_text.png
  artifactKey: Guid(2c1fd74f405c9704b898dd1d879e7339) Importer(815301076,1909f56bfc062723c751e8b465ee728b)
Start importing Assets/UI Assets/wakamol/ready_text.png using Guid(2c1fd74f405c9704b898dd1d879e7339) Importer(815301076,1909f56bfc062723c751e8b465ee728b) Requested RenderTexture with sRGB format. sRGB formats are not supported in gamma mode, fallback to a UNorm format. Use a UNorm format instead of sRGB to silence this warning.
UnityEngine.StackTraceUtility:ExtractStackTrace ()
UnityEngine.RenderTexture:GetTemporary_Internal (UnityEngine.RenderTextureDescriptor)
UnityEngine.RenderTexture:GetTemporary (UnityEngine.RenderTextureDescriptor)
UnityEngine.RenderTexture:GetTemporaryImpl (int,int,int,UnityEngine.Experimental.Rendering.GraphicsFormat,int,UnityEngine.RenderTextureMemoryless,UnityEngine.VRTextureUsage,bool)
UnityEngine.RenderTexture:GetTemporary (int,int,int,UnityEngine.Experimental.Rendering.GraphicsFormat)
UnityEditor.TextureInspector:RenderStaticPreview (string,UnityEngine.Object[],int,int)
UnityEditor.AssetPreviewUpdater:CreatePreview (UnityEngine.Object,UnityEngine.Object[],string,int,int)
UnityEditor.AssetPreviewUpdater:CreatePreviewForAsset (UnityEngine.Object,UnityEngine.Object[],string)

[C:\buildslave\unity\build\Runtime\Graphics\RenderTexture.cpp line 1064]

Requested RenderTexture with sRGB format. sRGB formats are not supported in gamma mode, fallback to a UNorm format. Use a UNorm format instead of sRGB to silence this warning.
UnityEngine.StackTraceUtility:ExtractStackTrace ()
UnityEngine.RenderTexture:set_active (UnityEngine.RenderTexture)
UnityEditor.SpriteInspector:BuildPreviewTexture (UnityEngine.Sprite,UnityEngine.Material,bool)
UnityEditor.SpriteInspector:RenderStaticPreview (string,UnityEngine.Object[],int,int)
UnityEditor.AssetPreviewUpdater:CreatePreview (UnityEngine.Object,UnityEngine.Object[],string,int,int)
UnityEditor.AssetPreviewUpdater:CreatePreviewForAsset (UnityEngine.Object,UnityEngine.Object[],string)

[C:\buildslave\unity\build\Runtime\Graphics\RenderTexture.cpp line 1064]

Requested RenderTexture with sRGB format. sRGB formats are not supported in gamma mode, fallback to a UNorm format. Use a UNorm format instead of sRGB to silence this warning.
UnityEngine.StackTraceUtility:ExtractStackTrace ()
UnityEngine.RenderTexture:set_active (UnityEngine.RenderTexture)
UnityEditor.SpriteInspector:BuildPreviewTexture (UnityEngine.Sprite,UnityEngine.Material,bool)
UnityEditor.SpriteInspector:RenderStaticPreview (string,UnityEngine.Object[],int,int)
UnityEditor.AssetPreviewUpdater:CreatePreview (UnityEngine.Object,UnityEngine.Object[],string,int,int)
UnityEditor.AssetPreviewUpdater:CreatePreviewForAsset (UnityEngine.Object,UnityEngine.Object[],string)

[C:\buildslave\unity\build\Runtime\Graphics\RenderTexture.cpp line 1064]

 -> (artifact id: '38997e6870703c8c0559498a75ab0cf9') in 0.026077 seconds 
========================================================================
Received Import Request.
  Time since last request: 0.000037 seconds.
  path: Assets/UI Assets/wakamol/play_button_2.png
  artifactKey: Guid(c6e13fe632855df45827f18273de7b2b) Importer(815301076,1909f56bfc062723c751e8b465ee728b)
Start importing Assets/UI Assets/wakamol/play_button_2.png using Guid(c6e13fe632855df45827f18273de7b2b) Importer(815301076,1909f56bfc062723c751e8b465ee728b) Requested RenderTexture with sRGB format. sRGB formats are not supported in gamma mode, fallback to a UNorm format. Use a UNorm format instead of sRGB to silence this warning.
UnityEngine.StackTraceUtility:ExtractStackTrace ()
UnityEngine.Graphics:Blit (UnityEngine.Texture,UnityEngine.RenderTexture)
UnityEditor.TextureInspector:RenderStaticPreview (string,UnityEngine.Object[],int,int)
UnityEditor.AssetPreviewUpdater:CreatePreview (UnityEngine.Object,UnityEngine.Object[],string,int,int)
UnityEditor.AssetPreviewUpdater:CreatePreviewForAsset (UnityEngine.Object,UnityEngine.Object[],string)

[C:\buildslave\unity\build\Runtime\Graphics\RenderTexture.cpp line 1064]

Requested RenderTexture with sRGB format. sRGB formats are not supported in gamma mode, fallback to a UNorm format. Use a UNorm format instead of sRGB to silence this warning.
UnityEngine.StackTraceUtility:ExtractStackTrace ()
UnityEngine.Graphics:Blit (UnityEngine.Texture,UnityEngine.RenderTexture)
UnityEditor.TextureInspector:RenderStaticPreview (string,UnityEngine.Object[],int,int)
UnityEditor.AssetPreviewUpdater:CreatePreview (UnityEngine.Object,UnityEngine.Object[],string,int,int)
UnityEditor.AssetPreviewUpdater:CreatePreviewForAsset (UnityEngine.Object,UnityEngine.Object[],string)

[C:\buildslave\unity\build\Runtime\Graphics\RenderTexture.cpp line 1064]

Requested RenderTexture with sRGB format. sRGB formats are not supported in gamma mode, fallback to a UNorm format. Use a UNorm format instead of sRGB to silence this warning.
UnityEngine.StackTraceUtility:ExtractStackTrace ()
UnityEngine.RenderTexture:set_active (UnityEngine.RenderTexture)
UnityEditor.SpriteInspector:BuildPreviewTexture (UnityEngine.Sprite,UnityEngine.Material,bool)
UnityEditor.SpriteInspector:RenderStaticPreview (string,UnityEngine.Object[],int,int)
UnityEditor.AssetPreviewUpdater:CreatePreview (UnityEngine.Object,UnityEngine.Object[],string,int,int)
UnityEditor.AssetPreviewUpdater:CreatePreviewForAsset (UnityEngine.Object,UnityEngine.Object[],string)

[C:\buildslave\unity\build\Runtime\Graphics\RenderTexture.cpp line 1064]

Requested RenderTexture with sRGB format. sRGB formats are not supported in gamma mode, fallback to a UNorm format. Use a UNorm format instead of sRGB to silence this warning.
UnityEngine.StackTraceUtility:ExtractStackTrace ()
UnityEngine.RenderTexture:set_active (UnityEngine.RenderTexture)
UnityEditor.SpriteInspector:BuildPreviewTexture (UnityEngine.Sprite,UnityEngine.Material,bool)
UnityEditor.SpriteInspector:RenderStaticPreview (string,UnityEngine.Object[],int,int)
UnityEditor.AssetPreviewUpdater:CreatePreview (UnityEngine.Object,UnityEngine.Object[],string,int,int)
UnityEditor.AssetPreviewUpdater:CreatePreviewForAsset (UnityEngine.Object,UnityEngine.Object[],string)

[C:\buildslave\unity\build\Runtime\Graphics\RenderTexture.cpp line 1064]

 -> (artifact id: 'e1a08781fdd0430145a3c0a24f5715f8') in 0.020612 seconds 
========================================================================
Received Import Request.
  Time since last request: 0.000046 seconds.
  path: Assets/UI Assets/wakamol/retry_button.png
  artifactKey: Guid(9aec51dbb7f23ea488648f56f8f545c8) Importer(815301076,1909f56bfc062723c751e8b465ee728b)
Start importing Assets/UI Assets/wakamol/retry_button.png using Guid(9aec51dbb7f23ea488648f56f8f545c8) Importer(815301076,1909f56bfc062723c751e8b465ee728b) Requested RenderTexture with sRGB format. sRGB formats are not supported in gamma mode, fallback to a UNorm format. Use a UNorm format instead of sRGB to silence this warning.
UnityEngine.StackTraceUtility:ExtractStackTrace ()
UnityEngine.Graphics:Blit (UnityEngine.Texture,UnityEngine.RenderTexture)
UnityEditor.TextureInspector:RenderStaticPreview (string,UnityEngine.Object[],int,int)
UnityEditor.AssetPreviewUpdater:CreatePreview (UnityEngine.Object,UnityEngine.Object[],string,int,int)
UnityEditor.AssetPreviewUpdater:CreatePreviewForAsset (UnityEngine.Object,UnityEngine.Object[],string)

[C:\buildslave\unity\build\Runtime\Graphics\RenderTexture.cpp line 1064]

Requested RenderTexture with sRGB format. sRGB formats are not supported in gamma mode, fallback to a UNorm format. Use a UNorm format instead of sRGB to silence this warning.
UnityEngine.StackTraceUtility:ExtractStackTrace ()
UnityEngine.Graphics:Blit (UnityEngine.Texture,UnityEngine.RenderTexture)
UnityEditor.TextureInspector:RenderStaticPreview (string,UnityEngine.Object[],int,int)
UnityEditor.AssetPreviewUpdater:CreatePreview (UnityEngine.Object,UnityEngine.Object[],string,int,int)
UnityEditor.AssetPreviewUpdater:CreatePreviewForAsset (UnityEngine.Object,UnityEngine.Object[],string)

[C:\buildslave\unity\build\Runtime\Graphics\RenderTexture.cpp line 1064]

 -> (artifact id: '8d46606a096d4c92b77dca9ea08c47d8') in 0.013370 seconds 
========================================================================
Received Import Request.
  Time since last request: 0.000033 seconds.
  path: Assets/UI Assets/wakamol/container.png
  artifactKey: Guid(9d6de3548de13f14eaed89260c95440d) Importer(815301076,1909f56bfc062723c751e8b465ee728b)
Start importing Assets/UI Assets/wakamol/container.png using Guid(9d6de3548de13f14eaed89260c95440d) Importer(815301076,1909f56bfc062723c751e8b465ee728b) Requested RenderTexture with sRGB format. sRGB formats are not supported in gamma mode, fallback to a UNorm format. Use a UNorm format instead of sRGB to silence this warning.
UnityEngine.StackTraceUtility:ExtractStackTrace ()
UnityEngine.Graphics:Blit (UnityEngine.Texture,UnityEngine.RenderTexture)
UnityEditor.TextureInspector:RenderStaticPreview (string,UnityEngine.Object[],int,int)
UnityEditor.AssetPreviewUpdater:CreatePreview (UnityEngine.Object,UnityEngine.Object[],string,int,int)
UnityEditor.AssetPreviewUpdater:CreatePreviewForAsset (UnityEngine.Object,UnityEngine.Object[],string)

[C:\buildslave\unity\build\Runtime\Graphics\RenderTexture.cpp line 1064]

Requested RenderTexture with sRGB format. sRGB formats are not supported in gamma mode, fallback to a UNorm format. Use a UNorm format instead of sRGB to silence this warning.
UnityEngine.StackTraceUtility:ExtractStackTrace ()
UnityEngine.Graphics:Blit (UnityEngine.Texture,UnityEngine.RenderTexture)
UnityEditor.TextureInspector:RenderStaticPreview (string,UnityEngine.Object[],int,int)
UnityEditor.AssetPreviewUpdater:CreatePreview (UnityEngine.Object,UnityEngine.Object[],string,int,int)
UnityEditor.AssetPreviewUpdater:CreatePreviewForAsset (UnityEngine.Object,UnityEngine.Object[],string)

[C:\buildslave\unity\build\Runtime\Graphics\RenderTexture.cpp line 1064]

Requested RenderTexture with sRGB format. sRGB formats are not supported in gamma mode, fallback to a UNorm format. Use a UNorm format instead of sRGB to silence this warning.
UnityEngine.StackTraceUtility:ExtractStackTrace ()
UnityEngine.RenderTexture:set_active (UnityEngine.RenderTexture)
UnityEditor.SpriteInspector:BuildPreviewTexture (UnityEngine.Sprite,UnityEngine.Material,bool)
UnityEditor.SpriteInspector:RenderStaticPreview (string,UnityEngine.Object[],int,int)
UnityEditor.AssetPreviewUpdater:CreatePreview (UnityEngine.Object,UnityEngine.Object[],string,int,int)
UnityEditor.AssetPreviewUpdater:CreatePreviewForAsset (UnityEngine.Object,UnityEngine.Object[],string)

[C:\buildslave\unity\build\Runtime\Graphics\RenderTexture.cpp line 1064]

Requested RenderTexture with sRGB format. sRGB formats are not supported in gamma mode, fallback to a UNorm format. Use a UNorm format instead of sRGB to silence this warning.
UnityEngine.StackTraceUtility:ExtractStackTrace ()
UnityEngine.RenderTexture:set_active (UnityEngine.RenderTexture)
UnityEditor.SpriteInspector:BuildPreviewTexture (UnityEngine.Sprite,UnityEngine.Material,bool)
UnityEditor.SpriteInspector:RenderStaticPreview (string,UnityEngine.Object[],int,int)
UnityEditor.AssetPreviewUpdater:CreatePreview (UnityEngine.Object,UnityEngine.Object[],string,int,int)
UnityEditor.AssetPreviewUpdater:CreatePreviewForAsset (UnityEngine.Object,UnityEngine.Object[],string)

[C:\buildslave\unity\build\Runtime\Graphics\RenderTexture.cpp line 1064]

 -> (artifact id: '1cd08ad11c26df9e8bee657a09a84aa1') in 0.052709 seconds 
========================================================================
Received Import Request.
  Time since last request: 1.860294 seconds.
  path: Assets/UI Assets/wakamol/time_icon.png
  artifactKey: Guid(c890b8b8c53adc347abed06afd16539e) Importer(815301076,1909f56bfc062723c751e8b465ee728b)
Start importing Assets/UI Assets/wakamol/time_icon.png using Guid(c890b8b8c53adc347abed06afd16539e) Importer(815301076,1909f56bfc062723c751e8b465ee728b) Requested RenderTexture with sRGB format. sRGB formats are not supported in gamma mode, fallback to a UNorm format. Use a UNorm format instead of sRGB to silence this warning.
UnityEngine.StackTraceUtility:ExtractStackTrace ()
UnityEngine.RenderTexture:GetTemporary_Internal (UnityEngine.RenderTextureDescriptor)
UnityEngine.RenderTexture:GetTemporary (UnityEngine.RenderTextureDescriptor)
UnityEngine.RenderTexture:GetTemporaryImpl (int,int,int,UnityEngine.Experimental.Rendering.GraphicsFormat,int,UnityEngine.RenderTextureMemoryless,UnityEngine.VRTextureUsage,bool)
UnityEngine.RenderTexture:GetTemporary (int,int,int,UnityEngine.Experimental.Rendering.GraphicsFormat)
UnityEditor.TextureInspector:RenderStaticPreview (string,UnityEngine.Object[],int,int)
UnityEditor.AssetPreviewUpdater:CreatePreview (UnityEngine.Object,UnityEngine.Object[],string,int,int)
UnityEditor.AssetPreviewUpdater:CreatePreviewForAsset (UnityEngine.Object,UnityEngine.Object[],string)

[C:\buildslave\unity\build\Runtime\Graphics\RenderTexture.cpp line 1064]

Requested RenderTexture with sRGB format. sRGB formats are not supported in gamma mode, fallback to a UNorm format. Use a UNorm format instead of sRGB to silence this warning.
UnityEngine.StackTraceUtility:ExtractStackTrace ()
UnityEngine.RenderTexture:GetTemporary_Internal (UnityEngine.RenderTextureDescriptor)
UnityEngine.RenderTexture:GetTemporary (UnityEngine.RenderTextureDescriptor)
UnityEngine.RenderTexture:GetTemporaryImpl (int,int,int,UnityEngine.Experimental.Rendering.GraphicsFormat,int,UnityEngine.RenderTextureMemoryless,UnityEngine.VRTextureUsage,bool)
UnityEngine.RenderTexture:GetTemporary (int,int,int,UnityEngine.Experimental.Rendering.GraphicsFormat)
UnityEditor.SpriteInspector:BuildPreviewTexture (UnityEngine.Sprite,UnityEngine.Material,bool)
UnityEditor.SpriteInspector:RenderStaticPreview (string,UnityEngine.Object[],int,int)
UnityEditor.AssetPreviewUpdater:CreatePreview (UnityEngine.Object,UnityEngine.Object[],string,int,int)
UnityEditor.AssetPreviewUpdater:CreatePreviewForAsset (UnityEngine.Object,UnityEngine.Object[],string)

[C:\buildslave\unity\build\Runtime\Graphics\RenderTexture.cpp line 1064]

 -> (artifact id: '229c2e443661109475cf45bedcd35f77') in 0.015995 seconds 
Editor requested this worker to shutdown with reason: Scaling down because of idle timeout
AssetImportWorker is now disconnected from the server
Process exiting
Exiting without the bug reporter. Application will terminate with return code 0