Using pre-set license
Built from '2021.3/staging' branch; Version is '2021.3.0f1 (6eacc8284459) revision 7253192'; Using compiler version '192829333'; Build Type 'Release'
OS: 'Windows 10  (10.0.19044) 64bit Professional' Language: 'en' Physical Memory: 32605 MB
BatchMode: 1, IsHumanControllingUs: 0, StartBugReporterOnCrash: 0, Is64bit: 1, IsPro: 1

COMMAND LINE ARGUMENTS:
C:\Program Files\Unity\Hub\Editor\2021.3.0f1\Editor\Unity.exe
-adb2
-batchMode
-noUpm
-name
AssetImportWorker1
-projectPath
C:/Users/dgsi/Documents/GitHub/secret/wakamole
-logFile
Logs/AssetImportWorker1.log
-srvPort
62528
Successfully changed project path to: C:/Users/dgsi/Documents/GitHub/secret/wakamole
C:/Users/dgsi/Documents/GitHub/secret/wakamole
[UnityMemory] Configuration Parameters - Can be set up in boot.config
    "memorysetup-bucket-allocator-granularity=16"
    "memorysetup-bucket-allocator-bucket-count=8"
    "memorysetup-bucket-allocator-block-size=33554432"
    "memorysetup-bucket-allocator-block-count=8"
    "memorysetup-main-allocator-block-size=16777216"
    "memorysetup-thread-allocator-block-size=16777216"
    "memorysetup-gfx-main-allocator-block-size=16777216"
    "memorysetup-gfx-thread-allocator-block-size=16777216"
    "memorysetup-cache-allocator-block-size=4194304"
    "memorysetup-typetree-allocator-block-size=2097152"
    "memorysetup-profiler-bucket-allocator-granularity=16"
    "memorysetup-profiler-bucket-allocator-bucket-count=8"
    "memorysetup-profiler-bucket-allocator-block-size=33554432"
    "memorysetup-profiler-bucket-allocator-block-count=8"
    "memorysetup-profiler-allocator-block-size=16777216"
    "memorysetup-profiler-editor-allocator-block-size=1048576"
    "memorysetup-temp-allocator-size-main=16777216"
    "memorysetup-job-temp-allocator-block-size=2097152"
    "memorysetup-job-temp-allocator-block-size-background=1048576"
    "memorysetup-job-temp-allocator-reduction-small-platforms=262144"
    "memorysetup-temp-allocator-size-background-worker=32768"
    "memorysetup-temp-allocator-size-job-worker=262144"
    "memorysetup-temp-allocator-size-preload-manager=33554432"
    "memorysetup-temp-allocator-size-nav-mesh-worker=65536"
    "memorysetup-temp-allocator-size-audio-worker=65536"
    "memorysetup-temp-allocator-size-cloud-worker=32768"
    "memorysetup-temp-allocator-size-gi-baking-worker=262144"
    "memorysetup-temp-allocator-size-gfx=262144"
Refreshing native plugins compatible for Editor in 90.13 ms, found 3 plugins.
Preloading 0 native plugins for Editor in 0.00 ms.
Initialize engine version: 2021.3.0f1 (6eacc8284459)
[Subsystems] Discovering subsystems at path C:/Program Files/Unity/Hub/Editor/2021.3.0f1/Editor/Data/Resources/UnitySubsystems
[Subsystems] Discovering subsystems at path C:/Users/dgsi/Documents/GitHub/secret/wakamole/Assets
GfxDevice: creating device client; threaded=0; jobified=0
Direct3D:
    Version:  Direct3D 11.0 [level 11.1]
    Renderer: NVIDIA GeForce RTX 2060 (ID=0x1f08)
    Vendor:   NVIDIA
    VRAM:     5980 MB
    Driver:   27.21.14.5671
Initialize mono
Mono path[0] = 'C:/Program Files/Unity/Hub/Editor/2021.3.0f1/Editor/Data/Managed'
Mono path[1] = 'C:/Program Files/Unity/Hub/Editor/2021.3.0f1/Editor/Data/MonoBleedingEdge/lib/mono/unityjit-win32'
Mono config path = 'C:/Program Files/Unity/Hub/Editor/2021.3.0f1/Editor/Data/MonoBleedingEdge/etc'
Using monoOptions --debugger-agent=transport=dt_socket,embedding=1,server=y,suspend=n,address=127.0.0.1:56952
Begin MonoManager ReloadAssembly
Registering precompiled unity dll's ...
Register platform support module: C:/Program Files/Unity/Hub/Editor/2021.3.0f1/Editor/Data/PlaybackEngines/WebGLSupport/UnityEditor.WebGL.Extensions.dll
Register platform support module: C:/Program Files/Unity/Hub/Editor/2021.3.0f1/Editor/Data/PlaybackEngines/AndroidPlayer/UnityEditor.Android.Extensions.dll
Register platform support module: C:/Program Files/Unity/Hub/Editor/2021.3.0f1/Editor/Data/PlaybackEngines/WindowsStandaloneSupport/UnityEditor.WindowsStandalone.Extensions.dll
Registered in 0.006614 seconds.
Native extension for WindowsStandalone target not found
Native extension for Android target not found
Native extension for WebGL target not found
Refreshing native plugins compatible for Editor in 96.21 ms, found 3 plugins.
Preloading 0 native plugins for Editor in 0.00 ms.
Mono: successfully reloaded assembly
- Completed reload, in  0.597 seconds
Domain Reload Profiling:
	ReloadAssembly (597ms)
		BeginReloadAssembly (69ms)
			ExecutionOrderSort (0ms)
			DisableScriptedObjects (0ms)
			BackupInstance (0ms)
			ReleaseScriptingObjects (0ms)
			CreateAndSetChildDomain (1ms)
		EndReloadAssembly (431ms)
			LoadAssemblies (68ms)
			RebuildTransferFunctionScriptingTraits (0ms)
			SetupTypeCache (96ms)
			ReleaseScriptCaches (0ms)
			RebuildScriptCaches (23ms)
			SetupLoadedEditorAssemblies (268ms)
				LogAssemblyErrors (0ms)
				InitializePlatformSupportModulesInManaged (49ms)
				SetLoadedEditorAssemblies (0ms)
				RefreshPlugins (96ms)
				BeforeProcessingInitializeOnLoad (1ms)
				ProcessInitializeOnLoadAttributes (83ms)
				ProcessInitializeOnLoadMethodAttributes (39ms)
				AfterProcessingInitializeOnLoad (0ms)
				EditorAssembliesLoaded (0ms)
			ExecutionOrderSort2 (0ms)
			AwakeInstancesAfterBackupRestoration (0ms)
Platform modules already initialized, skipping
Registering precompiled user dll's ...
Registered in 0.005552 seconds.
Begin MonoManager ReloadAssembly
Native extension for WindowsStandalone target not found
Native extension for Android target not found
Native extension for WebGL target not found
Refreshing native plugins compatible for Editor in 88.83 ms, found 3 plugins.
Preloading 0 native plugins for Editor in 0.00 ms.
Mono: successfully reloaded assembly
- Completed reload, in  1.242 seconds
Domain Reload Profiling:
	ReloadAssembly (1243ms)
		BeginReloadAssembly (242ms)
			ExecutionOrderSort (0ms)
			DisableScriptedObjects (5ms)
			BackupInstance (0ms)
			ReleaseScriptingObjects (0ms)
			CreateAndSetChildDomain (139ms)
		EndReloadAssembly (886ms)
			LoadAssemblies (116ms)
			RebuildTransferFunctionScriptingTraits (0ms)
			SetupTypeCache (243ms)
			ReleaseScriptCaches (1ms)
			RebuildScriptCaches (51ms)
			SetupLoadedEditorAssemblies (457ms)
				LogAssemblyErrors (0ms)
				InitializePlatformSupportModulesInManaged (13ms)
				SetLoadedEditorAssemblies (0ms)
				RefreshPlugins (89ms)
				BeforeProcessingInitializeOnLoad (86ms)
				ProcessInitializeOnLoadAttributes (194ms)
				ProcessInitializeOnLoadMethodAttributes (69ms)
				AfterProcessingInitializeOnLoad (6ms)
				EditorAssembliesLoaded (0ms)
			ExecutionOrderSort2 (0ms)
			AwakeInstancesAfterBackupRestoration (7ms)
Platform modules already initialized, skipping
========================================================================
Worker process is ready to serve import requests
Launched and connected shader compiler UnityShaderCompiler.exe after 0.04 seconds
Refreshing native plugins compatible for Editor in 0.83 ms, found 3 plugins.
Preloading 0 native plugins for Editor in 0.00 ms.
Unloading 4925 Unused Serialized files (Serialized files now loaded: 0)
Unloading 30 unused Assets / (431.4 KB). Loaded Objects now: 5382.
Memory consumption went from 195.0 MB to 194.6 MB.
Total: 3.484100 ms (FindLiveObjects: 0.412400 ms CreateObjectMapping: 0.366800 ms MarkObjects: 2.460600 ms  DeleteObjects: 0.243400 ms)

AssetImportParameters requested are different than current active one (requested -> active):
  custom:video-decoder-ogg-theora: a1e56fd34408186e4bbccfd4996cb3dc -> 
  custom:container-muxer-webm: aa71ff27fc2769a1b78a27578f13a17b -> 
  custom:container-demuxer-webm: 4f35f7cbe854078d1ac9338744f61a02 -> 
  custom:video-encoder-webm-vp8: eb34c28f22e8b96e1ab97ce403110664 -> 
  custom:video-codec-MediaFoundation-h265: 746d11721c4dcdbdad8f713fa42b33f4 -> 
  custom:audio-encoder-webm-vorbis: bf7c407c2cedff20999df2af8eb42d56 -> 
  custom:framework-win-MediaFoundation: 216162199b28c13a410421893ffa2e32 -> 
  custom:container-demuxer-ogg: 62fdf1f143b41e24485cea50d1cbac27 -> 
  custom:video-decoder-webm-vp8: 9c59270c3fd7afecdb556c50c9e8de78 -> 
  custom:audio-decoder-ogg-vorbis: bf7c407c2cedff20999df2af8eb42d56 -> 
========================================================================
Received Import Request.
  Time since last request: 7602.819674 seconds.
  path: Assets/UI Assets/circumference2.png
  artifactKey: Guid(03420eb93010b3d4f9d048ed517d2c19) Importer(815301076,1909f56bfc062723c751e8b465ee728b)
Start importing Assets/UI Assets/circumference2.png using Guid(03420eb93010b3d4f9d048ed517d2c19) Importer(815301076,1909f56bfc062723c751e8b465ee728b)  -> (artifact id: '02f4090cbb4d806d6f16167259efff32') in 0.124573 seconds 
========================================================================
Received Import Request.
  Time since last request: 0.000030 seconds.
  path: Assets/UI Assets/container-box.png
  artifactKey: Guid(d29ce3029c05c16438ec19f0055760dc) Importer(815301076,1909f56bfc062723c751e8b465ee728b)
Start importing Assets/UI Assets/container-box.png using Guid(d29ce3029c05c16438ec19f0055760dc) Importer(815301076,1909f56bfc062723c751e8b465ee728b)  -> (artifact id: 'e54931e3240967c692c029990bd06942') in 0.039402 seconds 
========================================================================
Received Import Request.
  Time since last request: 0.000023 seconds.
  path: Assets/UI Assets/button_background.png
  artifactKey: Guid(b26c1b5cedbb4de4d9cdfb4cd24d9397) Importer(815301076,1909f56bfc062723c751e8b465ee728b)
Start importing Assets/UI Assets/button_background.png using Guid(b26c1b5cedbb4de4d9cdfb4cd24d9397) Importer(815301076,1909f56bfc062723c751e8b465ee728b)  -> (artifact id: 'fcbe510b940749cfa4960e46e2e5818a') in 0.015028 seconds 
========================================================================
Received Import Request.
  Time since last request: 0.000030 seconds.
  path: Assets/UI Assets/wakamol/time_container.png
  artifactKey: Guid(7dd258cf8f7b43b41ac51046aa91e977) Importer(815301076,1909f56bfc062723c751e8b465ee728b)
Start importing Assets/UI Assets/wakamol/time_container.png using Guid(7dd258cf8f7b43b41ac51046aa91e977) Importer(815301076,1909f56bfc062723c751e8b465ee728b)  -> (artifact id: '0abd139c8043e69c0098b81622d6cc01') in 0.021890 seconds 
========================================================================
Received Import Request.
  Time since last request: 0.000022 seconds.
  path: Assets/UI Assets/back_button.png
  artifactKey: Guid(ed087e764d23a624f81c18597df88c99) Importer(815301076,1909f56bfc062723c751e8b465ee728b)
Start importing Assets/UI Assets/back_button.png using Guid(ed087e764d23a624f81c18597df88c99) Importer(815301076,1909f56bfc062723c751e8b465ee728b)  -> (artifact id: 'dcd9d27b9bd20ccb1017c0e433cc884e') in 0.020807 seconds 
========================================================================
Received Import Request.
  Time since last request: 0.000018 seconds.
  path: Assets/UI Assets/book_icon.png
  artifactKey: Guid(6744fe229c2f9714d8ce073abb307424) Importer(815301076,1909f56bfc062723c751e8b465ee728b)
Start importing Assets/UI Assets/book_icon.png using Guid(6744fe229c2f9714d8ce073abb307424) Importer(815301076,1909f56bfc062723c751e8b465ee728b)  -> (artifact id: '20284611185a9552072baa96d63ef3ba') in 0.021798 seconds 
========================================================================
Received Import Request.
  Time since last request: 0.000017 seconds.
  path: Assets/UI Assets/bg_obx.png
  artifactKey: Guid(f4a1a483ca688244db94ae3fbb96cd91) Importer(815301076,1909f56bfc062723c751e8b465ee728b)
Start importing Assets/UI Assets/bg_obx.png using Guid(f4a1a483ca688244db94ae3fbb96cd91) Importer(815301076,1909f56bfc062723c751e8b465ee728b)  -> (artifact id: '9b18bbca1b01c2b78d674f142a50d549') in 0.084238 seconds 
========================================================================
Received Import Request.
  Time since last request: 0.000039 seconds.
  path: Assets/UI Assets/completed-task.png
  artifactKey: Guid(227f2fc5dfe554545a49f8b454755ddf) Importer(815301076,1909f56bfc062723c751e8b465ee728b)
Start importing Assets/UI Assets/completed-task.png using Guid(227f2fc5dfe554545a49f8b454755ddf) Importer(815301076,1909f56bfc062723c751e8b465ee728b)  -> (artifact id: '9afd9b78c9f42bab4a09b124cedae8e4') in 0.016355 seconds 
========================================================================
Received Import Request.
  Time since last request: 0.000019 seconds.
  path: Assets/UI Assets/wakamol/go_text.png
  artifactKey: Guid(c426b76b02a7a994d9f83057dfdc2c8f) Importer(815301076,1909f56bfc062723c751e8b465ee728b)
Start importing Assets/UI Assets/wakamol/go_text.png using Guid(c426b76b02a7a994d9f83057dfdc2c8f) Importer(815301076,1909f56bfc062723c751e8b465ee728b)  -> (artifact id: '4e09a16036a5919c7533a8f1c5ff3fca') in 0.017088 seconds 
========================================================================
Received Import Request.
  Time since last request: 0.000022 seconds.
  path: Assets/UI Assets/back.png
  artifactKey: Guid(51a1573f8ba433d469311f47cebc3e37) Importer(815301076,1909f56bfc062723c751e8b465ee728b)
Start importing Assets/UI Assets/back.png using Guid(51a1573f8ba433d469311f47cebc3e37) Importer(815301076,1909f56bfc062723c751e8b465ee728b)  -> (artifact id: '8323801f5b5e5133caac9c3d84f6d216') in 0.017056 seconds 
========================================================================
Received Import Request.
  Time since last request: 0.000024 seconds.
  path: Assets/UI Assets/closed.png
  artifactKey: Guid(1e854662ef31ca34e87416c964fd685a) Importer(815301076,1909f56bfc062723c751e8b465ee728b)
Start importing Assets/UI Assets/closed.png using Guid(1e854662ef31ca34e87416c964fd685a) Importer(815301076,1909f56bfc062723c751e8b465ee728b)  -> (artifact id: '3ef73cf877d9b9ff130124be34d42fc7') in 0.016643 seconds 
========================================================================
Received Import Request.
  Time since last request: 0.000031 seconds.
  path: Assets/UI Assets/circumference.png
  artifactKey: Guid(8010cfb6ba99ad84b8a1682c1e950cee) Importer(815301076,1909f56bfc062723c751e8b465ee728b)
Start importing Assets/UI Assets/circumference.png using Guid(8010cfb6ba99ad84b8a1682c1e950cee) Importer(815301076,1909f56bfc062723c751e8b465ee728b)  -> (artifact id: '834b8ff896fc45cdd56bd3965a0ff6b3') in 0.033357 seconds 
========================================================================
Received Import Request.
  Time since last request: 0.000028 seconds.
  path: Assets/UI Assets/ccBackground.png
  artifactKey: Guid(5cdaaa97cde8b7e4587736e8797c3678) Importer(815301076,1909f56bfc062723c751e8b465ee728b)
Start importing Assets/UI Assets/ccBackground.png using Guid(5cdaaa97cde8b7e4587736e8797c3678) Importer(815301076,1909f56bfc062723c751e8b465ee728b)  -> (artifact id: '3c18cf9cdda5d3b7c16279c1e4739d79') in 0.058843 seconds 
========================================================================
Received Import Request.
  Time since last request: 0.000020 seconds.
  path: Assets/UI Assets/wakamol/continue_button.png
  artifactKey: Guid(284f1449d7ef85e47aeaa9459ea0c117) Importer(815301076,1909f56bfc062723c751e8b465ee728b)
Start importing Assets/UI Assets/wakamol/continue_button.png using Guid(284f1449d7ef85e47aeaa9459ea0c117) Importer(815301076,1909f56bfc062723c751e8b465ee728b)  -> (artifact id: 'c0905aa8ca911fa59432c26f0cc8a6b9') in 0.009704 seconds 
========================================================================
Received Import Request.
  Time since last request: 20.076655 seconds.
  path: Assets/UI Assets/wakamol/exit_button.png
  artifactKey: Guid(aa63c0980a1b5c54582f346b6dd9b3bc) Importer(815301076,1909f56bfc062723c751e8b465ee728b)
Start importing Assets/UI Assets/wakamol/exit_button.png using Guid(aa63c0980a1b5c54582f346b6dd9b3bc) Importer(815301076,1909f56bfc062723c751e8b465ee728b)  -> (artifact id: '9e5e75569b51ff70e013ce7243d267c6') in 0.020025 seconds 
Editor requested this worker to shutdown with reason: Scaling down because of idle timeout
AssetImportWorker is now disconnected from the server
Process exiting
Exiting without the bug reporter. Application will terminate with return code 0