Using pre-set license
Built from '2021.3/staging' branch; Version is '2021.3.0f1 (6eacc8284459) revision 7253192'; Using compiler version '192829333'; Build Type 'Release'
OS: 'Windows 10  (10.0.19044) 64bit Professional' Language: 'en' Physical Memory: 32605 MB
BatchMode: 1, IsHumanControllingUs: 0, StartBugReporterOnCrash: 0, Is64bit: 1, IsPro: 1

COMMAND LINE ARGUMENTS:
C:\Program Files\Unity\Hub\Editor\2021.3.0f1\Editor\Unity.exe
-adb2
-batchMode
-noUpm
-name
AssetImportWorker8
-projectPath
C:/Users/dgsi/Documents/GitHub/secret/wakamole
-logFile
Logs/AssetImportWorker8.log
-srvPort
50611
Successfully changed project path to: C:/Users/dgsi/Documents/GitHub/secret/wakamole
C:/Users/dgsi/Documents/GitHub/secret/wakamole
[UnityMemory] Configuration Parameters - Can be set up in boot.config
    "memorysetup-bucket-allocator-granularity=16"
    "memorysetup-bucket-allocator-bucket-count=8"
    "memorysetup-bucket-allocator-block-size=33554432"
    "memorysetup-bucket-allocator-block-count=8"
    "memorysetup-main-allocator-block-size=16777216"
    "memorysetup-thread-allocator-block-size=16777216"
    "memorysetup-gfx-main-allocator-block-size=16777216"
    "memorysetup-gfx-thread-allocator-block-size=16777216"
    "memorysetup-cache-allocator-block-size=4194304"
    "memorysetup-typetree-allocator-block-size=2097152"
    "memorysetup-profiler-bucket-allocator-granularity=16"
    "memorysetup-profiler-bucket-allocator-bucket-count=8"
    "memorysetup-profiler-bucket-allocator-block-size=33554432"
    "memorysetup-profiler-bucket-allocator-block-count=8"
    "memorysetup-profiler-allocator-block-size=16777216"
    "memorysetup-profiler-editor-allocator-block-size=1048576"
    "memorysetup-temp-allocator-size-main=16777216"
    "memorysetup-job-temp-allocator-block-size=2097152"
    "memorysetup-job-temp-allocator-block-size-background=1048576"
    "memorysetup-job-temp-allocator-reduction-small-platforms=262144"
    "memorysetup-temp-allocator-size-background-worker=32768"
    "memorysetup-temp-allocator-size-job-worker=262144"
    "memorysetup-temp-allocator-size-preload-manager=33554432"
    "memorysetup-temp-allocator-size-nav-mesh-worker=65536"
    "memorysetup-temp-allocator-size-audio-worker=65536"
    "memorysetup-temp-allocator-size-cloud-worker=32768"
    "memorysetup-temp-allocator-size-gi-baking-worker=262144"
    "memorysetup-temp-allocator-size-gfx=262144"
Refreshing native plugins compatible for Editor in 108.28 ms, found 3 plugins.
Preloading 0 native plugins for Editor in 0.00 ms.
Initialize engine version: 2021.3.0f1 (6eacc8284459)
[Subsystems] Discovering subsystems at path C:/Program Files/Unity/Hub/Editor/2021.3.0f1/Editor/Data/Resources/UnitySubsystems
[Subsystems] Discovering subsystems at path C:/Users/dgsi/Documents/GitHub/secret/wakamole/Assets
GfxDevice: creating device client; threaded=0; jobified=0
Direct3D:
    Version:  Direct3D 11.0 [level 11.1]
    Renderer: NVIDIA GeForce RTX 2060 (ID=0x1f08)
    Vendor:   NVIDIA
    VRAM:     5980 MB
    Driver:   27.21.14.5671
Initialize mono
Mono path[0] = 'C:/Program Files/Unity/Hub/Editor/2021.3.0f1/Editor/Data/Managed'
Mono path[1] = 'C:/Program Files/Unity/Hub/Editor/2021.3.0f1/Editor/Data/MonoBleedingEdge/lib/mono/unityjit-win32'
Mono config path = 'C:/Program Files/Unity/Hub/Editor/2021.3.0f1/Editor/Data/MonoBleedingEdge/etc'
Using monoOptions --debugger-agent=transport=dt_socket,embedding=1,server=y,suspend=n,address=127.0.0.1:56388
Begin MonoManager ReloadAssembly
Registering precompiled unity dll's ...
Register platform support module: C:/Program Files/Unity/Hub/Editor/2021.3.0f1/Editor/Data/PlaybackEngines/WebGLSupport/UnityEditor.WebGL.Extensions.dll
Register platform support module: C:/Program Files/Unity/Hub/Editor/2021.3.0f1/Editor/Data/PlaybackEngines/AndroidPlayer/UnityEditor.Android.Extensions.dll
Register platform support module: C:/Program Files/Unity/Hub/Editor/2021.3.0f1/Editor/Data/PlaybackEngines/WindowsStandaloneSupport/UnityEditor.WindowsStandalone.Extensions.dll
Registered in 0.010267 seconds.
Native extension for WindowsStandalone target not found
Native extension for Android target not found
Native extension for WebGL target not found
Refreshing native plugins compatible for Editor in 88.52 ms, found 3 plugins.
Preloading 0 native plugins for Editor in 0.00 ms.
Mono: successfully reloaded assembly
- Completed reload, in  0.598 seconds
Domain Reload Profiling:
	ReloadAssembly (599ms)
		BeginReloadAssembly (66ms)
			ExecutionOrderSort (0ms)
			DisableScriptedObjects (0ms)
			BackupInstance (0ms)
			ReleaseScriptingObjects (0ms)
			CreateAndSetChildDomain (1ms)
		EndReloadAssembly (421ms)
			LoadAssemblies (65ms)
			RebuildTransferFunctionScriptingTraits (0ms)
			SetupTypeCache (97ms)
			ReleaseScriptCaches (0ms)
			RebuildScriptCaches (23ms)
			SetupLoadedEditorAssemblies (256ms)
				LogAssemblyErrors (0ms)
				InitializePlatformSupportModulesInManaged (50ms)
				SetLoadedEditorAssemblies (0ms)
				RefreshPlugins (89ms)
				BeforeProcessingInitializeOnLoad (1ms)
				ProcessInitializeOnLoadAttributes (78ms)
				ProcessInitializeOnLoadMethodAttributes (38ms)
				AfterProcessingInitializeOnLoad (0ms)
				EditorAssembliesLoaded (0ms)
			ExecutionOrderSort2 (0ms)
			AwakeInstancesAfterBackupRestoration (0ms)
Platform modules already initialized, skipping
Registering precompiled user dll's ...
Registered in 0.006257 seconds.
Begin MonoManager ReloadAssembly
Native extension for WindowsStandalone target not found
Native extension for Android target not found
Native extension for WebGL target not found
Refreshing native plugins compatible for Editor in 95.03 ms, found 3 plugins.
Preloading 0 native plugins for Editor in 0.00 ms.
Mono: successfully reloaded assembly
- Completed reload, in  1.172 seconds
Domain Reload Profiling:
	ReloadAssembly (1173ms)
		BeginReloadAssembly (209ms)
			ExecutionOrderSort (0ms)
			DisableScriptedObjects (5ms)
			BackupInstance (0ms)
			ReleaseScriptingObjects (0ms)
			CreateAndSetChildDomain (125ms)
		EndReloadAssembly (862ms)
			LoadAssemblies (89ms)
			RebuildTransferFunctionScriptingTraits (0ms)
			SetupTypeCache (225ms)
			ReleaseScriptCaches (1ms)
			RebuildScriptCaches (49ms)
			SetupLoadedEditorAssemblies (468ms)
				LogAssemblyErrors (0ms)
				InitializePlatformSupportModulesInManaged (14ms)
				SetLoadedEditorAssemblies (0ms)
				RefreshPlugins (95ms)
				BeforeProcessingInitializeOnLoad (90ms)
				ProcessInitializeOnLoadAttributes (194ms)
				ProcessInitializeOnLoadMethodAttributes (66ms)
				AfterProcessingInitializeOnLoad (8ms)
				EditorAssembliesLoaded (0ms)
			ExecutionOrderSort2 (0ms)
			AwakeInstancesAfterBackupRestoration (7ms)
Platform modules already initialized, skipping
========================================================================
Worker process is ready to serve import requests
Launched and connected shader compiler UnityShaderCompiler.exe after 0.03 seconds
Refreshing native plugins compatible for Editor in 0.77 ms, found 3 plugins.
Preloading 0 native plugins for Editor in 0.00 ms.
Unloading 4927 Unused Serialized files (Serialized files now loaded: 0)
Unloading 30 unused Assets / (437.4 KB). Loaded Objects now: 5384.
Memory consumption went from 193.6 MB to 193.1 MB.
Total: 3.657800 ms (FindLiveObjects: 0.383600 ms CreateObjectMapping: 0.296700 ms MarkObjects: 2.762200 ms  DeleteObjects: 0.214400 ms)

AssetImportParameters requested are different than current active one (requested -> active):
  custom:video-decoder-ogg-theora: a1e56fd34408186e4bbccfd4996cb3dc -> 
  custom:container-muxer-webm: aa71ff27fc2769a1b78a27578f13a17b -> 
  custom:container-demuxer-webm: 4f35f7cbe854078d1ac9338744f61a02 -> 
  custom:video-encoder-webm-vp8: eb34c28f22e8b96e1ab97ce403110664 -> 
  custom:video-codec-MediaFoundation-h265: 746d11721c4dcdbdad8f713fa42b33f4 -> 
  custom:audio-encoder-webm-vorbis: bf7c407c2cedff20999df2af8eb42d56 -> 
  custom:framework-win-MediaFoundation: 216162199b28c13a410421893ffa2e32 -> 
  custom:container-demuxer-ogg: 62fdf1f143b41e24485cea50d1cbac27 -> 
  custom:video-decoder-webm-vp8: 9c59270c3fd7afecdb556c50c9e8de78 -> 
  custom:audio-decoder-ogg-vorbis: bf7c407c2cedff20999df2af8eb42d56 -> 
========================================================================
Received Import Request.
  Time since last request: 20568.393749 seconds.
  path: Assets/GAMEUIASSETS/timercon.png
  artifactKey: Guid(dbe64bfbb23724645a6783ff49818a1a) Importer(815301076,1909f56bfc062723c751e8b465ee728b)
Start importing Assets/GAMEUIASSETS/timercon.png using Guid(dbe64bfbb23724645a6783ff49818a1a) Importer(815301076,1909f56bfc062723c751e8b465ee728b)  -> (artifact id: 'bf43a0e6694528dba22de2ccfa472e42') in 0.216277 seconds 
========================================================================
Received Import Request.
  Time since last request: 2.772036 seconds.
  path: Assets/Materials/Boy01_Brows_MAT1.mat
  artifactKey: Guid(873f1b166531457498410c32fd333a99) Importer(815301076,1909f56bfc062723c751e8b465ee728b)
Start importing Assets/Materials/Boy01_Brows_MAT1.mat using Guid(873f1b166531457498410c32fd333a99) Importer(815301076,1909f56bfc062723c751e8b465ee728b)  -> (artifact id: 'ddc21c6ce057950033fc3034f190cdbd') in 0.784670 seconds 
========================================================================
Received Import Request.
  Time since last request: 0.000025 seconds.
  path: Assets/Materials/HouseRoomDoor.mat
  artifactKey: Guid(ef8cdce1dd426cb4eb3a005d01242dac) Importer(815301076,1909f56bfc062723c751e8b465ee728b)
Start importing Assets/Materials/HouseRoomDoor.mat using Guid(ef8cdce1dd426cb4eb3a005d01242dac) Importer(815301076,1909f56bfc062723c751e8b465ee728b)  -> (artifact id: '0c90b6e0938e7e0d8ac7f0a452b91767') in 0.438313 seconds 
========================================================================
Received Import Request.
  Time since last request: 0.707893 seconds.
  path: Assets/UI Assets/Chain/cater.png
  artifactKey: Guid(a8cfaaf950580c546bb81a333c1178c5) Importer(815301076,1909f56bfc062723c751e8b465ee728b)
Start importing Assets/UI Assets/Chain/cater.png using Guid(a8cfaaf950580c546bb81a333c1178c5) Importer(815301076,1909f56bfc062723c751e8b465ee728b)  -> (artifact id: '31ec78aa10101a047282423ab3d28698') in 0.111323 seconds 
========================================================================
Received Import Request.
  Time since last request: 0.295298 seconds.
  path: Assets/UI Assets/New UI/brand_new_button.png
  artifactKey: Guid(a12299e33c4f69043bd37eb1a06b8e3f) Importer(815301076,1909f56bfc062723c751e8b465ee728b)
Start importing Assets/UI Assets/New UI/brand_new_button.png using Guid(a12299e33c4f69043bd37eb1a06b8e3f) Importer(815301076,1909f56bfc062723c751e8b465ee728b)  -> (artifact id: 'ac2531e08d046f0af32dde94c3a12b2c') in 0.027882 seconds 
========================================================================
Received Import Request.
  Time since last request: 0.000033 seconds.
  path: Assets/UI Assets/New UI/button_redesign.png
  artifactKey: Guid(d694dbf1ac0aa0e41846743bd6aefb18) Importer(815301076,1909f56bfc062723c751e8b465ee728b)
Start importing Assets/UI Assets/New UI/button_redesign.png using Guid(d694dbf1ac0aa0e41846743bd6aefb18) Importer(815301076,1909f56bfc062723c751e8b465ee728b)  -> (artifact id: 'cdffbf3f03ee9ad8703f88c919a6c195') in 0.056301 seconds 
========================================================================
Received Import Request.
  Time since last request: 0.000043 seconds.
  path: Assets/UI Assets/New UI/hole.png
  artifactKey: Guid(5119c2e3ae9451f45846d8c357da841b) Importer(815301076,1909f56bfc062723c751e8b465ee728b)
Start importing Assets/UI Assets/New UI/hole.png using Guid(5119c2e3ae9451f45846d8c357da841b) Importer(815301076,1909f56bfc062723c751e8b465ee728b)  -> (artifact id: '1e4b22bef4bf03a74947dfba8170622f') in 0.025982 seconds 
========================================================================
Received Import Request.
  Time since last request: 0.000027 seconds.
  path: Assets/UI Assets/New UI/hs3o_estf_130915.jpg
  artifactKey: Guid(ecf1fe84d0555404faa30f31122fd97b) Importer(815301076,1909f56bfc062723c751e8b465ee728b)
Start importing Assets/UI Assets/New UI/hs3o_estf_130915.jpg using Guid(ecf1fe84d0555404faa30f31122fd97b) Importer(815301076,1909f56bfc062723c751e8b465ee728b)  -> (artifact id: '4fec795c050ddde45892435211d2858b') in 0.107749 seconds 
========================================================================
Received Import Request.
  Time since last request: 0.516590 seconds.
  path: Assets/UI Assets/New UI/Grade Selection/grade_2.png
  artifactKey: Guid(0c1a889b43bf1fd47adf49fdced4b864) Importer(815301076,1909f56bfc062723c751e8b465ee728b)
Start importing Assets/UI Assets/New UI/Grade Selection/grade_2.png using Guid(0c1a889b43bf1fd47adf49fdced4b864) Importer(815301076,1909f56bfc062723c751e8b465ee728b)  -> (artifact id: '029800834fc2aaaf28b87fd14bb00bb7') in 0.085676 seconds 
========================================================================
Received Import Request.
  Time since last request: 0.000029 seconds.
  path: Assets/UI Assets/New UI/Grade Selection/Next.png
  artifactKey: Guid(2817923e050d9b044a5de61c663000f2) Importer(815301076,1909f56bfc062723c751e8b465ee728b)
Start importing Assets/UI Assets/New UI/Grade Selection/Next.png using Guid(2817923e050d9b044a5de61c663000f2) Importer(815301076,1909f56bfc062723c751e8b465ee728b)  -> (artifact id: '8a74f9ee30a052e9b5ab81a2facc6db6') in 0.029964 seconds 
========================================================================
Received Prepare
Registering precompiled user dll's ...
Registered in 0.007328 seconds.
Begin MonoManager ReloadAssembly
Native extension for WindowsStandalone target not found
Native extension for Android target not found
Native extension for WebGL target not found
Refreshing native plugins compatible for Editor in 0.86 ms, found 3 plugins.
Preloading 0 native plugins for Editor in 0.00 ms.
Mono: successfully reloaded assembly
- Completed reload, in  1.047 seconds
Domain Reload Profiling:
	ReloadAssembly (1048ms)
		BeginReloadAssembly (138ms)
			ExecutionOrderSort (0ms)
			DisableScriptedObjects (6ms)
			BackupInstance (0ms)
			ReleaseScriptingObjects (0ms)
			CreateAndSetChildDomain (39ms)
		EndReloadAssembly (818ms)
			LoadAssemblies (105ms)
			RebuildTransferFunctionScriptingTraits (0ms)
			SetupTypeCache (248ms)
			ReleaseScriptCaches (2ms)
			RebuildScriptCaches (44ms)
			SetupLoadedEditorAssemblies (352ms)
				LogAssemblyErrors (0ms)
				InitializePlatformSupportModulesInManaged (21ms)
				SetLoadedEditorAssemblies (0ms)
				RefreshPlugins (1ms)
				BeforeProcessingInitializeOnLoad (70ms)
				ProcessInitializeOnLoadAttributes (180ms)
				ProcessInitializeOnLoadMethodAttributes (71ms)
				AfterProcessingInitializeOnLoad (8ms)
				EditorAssembliesLoaded (0ms)
			ExecutionOrderSort2 (0ms)
			AwakeInstancesAfterBackupRestoration (21ms)
Platform modules already initialized, skipping
Refreshing native plugins compatible for Editor in 1.99 ms, found 3 plugins.
Preloading 0 native plugins for Editor in 0.00 ms.
Unloading 4798 Unused Serialized files (Serialized files now loaded: 0)
Unloading 23 unused Assets / (396.8 KB). Loaded Objects now: 5497.
Memory consumption went from 192.0 MB to 191.6 MB.
Total: 3.645300 ms (FindLiveObjects: 0.437900 ms CreateObjectMapping: 0.340400 ms MarkObjects: 2.658800 ms  DeleteObjects: 0.207400 ms)

AssetImportParameters requested are different than current active one (requested -> active):
  custom:video-decoder-ogg-theora: a1e56fd34408186e4bbccfd4996cb3dc -> 
  custom:container-muxer-webm: aa71ff27fc2769a1b78a27578f13a17b -> 
  custom:container-demuxer-webm: 4f35f7cbe854078d1ac9338744f61a02 -> 
  custom:video-encoder-webm-vp8: eb34c28f22e8b96e1ab97ce403110664 -> 
  custom:video-codec-MediaFoundation-h265: 746d11721c4dcdbdad8f713fa42b33f4 -> 
  custom:audio-encoder-webm-vorbis: bf7c407c2cedff20999df2af8eb42d56 -> 
  custom:framework-win-MediaFoundation: 216162199b28c13a410421893ffa2e32 -> 
  custom:container-demuxer-ogg: 62fdf1f143b41e24485cea50d1cbac27 -> 
  custom:video-decoder-webm-vp8: 9c59270c3fd7afecdb556c50c9e8de78 -> 
  custom:audio-decoder-ogg-vorbis: bf7c407c2cedff20999df2af8eb42d56 -> 
Editor requested this worker to shutdown with reason: Scaling down because of idle timeout
AssetImportWorker is now disconnected from the server
Process exiting
Exiting without the bug reporter. Application will terminate with return code 0